[0.005s] Invoking command in '/home/pbdq/roarm_ws/build/roarm_moveit': CMAKE_PREFIX_PATH=/home/pbdq/roarm_ws/install/roarm_description:/home/pbdq/roarm_ws/install/roarm_moveit_ikfast_plugins:/home/pbdq/roarm_ws/install/roarm_moveit:/home/pbdq/roarm_ws/install/roarm_bringup:/home/pbdq/roarm_ws/install/sirius_reader:/home/pbdq/roarm_ws/install/roarm_driver:/home/pbdq/roarm_ws/install/ik_solver:/opt/ros/humble /usr/bin/cmake /home/pbdq/roarm_ws/src/roarm_moveit -DAMENT_CMAKE_SYMLINK_INSTALL=1 -DCMAKE_INSTALL_PREFIX=/home/pbdq/roarm_ws/install/roarm_moveit
[0.041s] -- The C compiler identification is GNU 11.4.0
[0.077s] -- The CXX compiler identification is GNU 11.4.0
[0.081s] -- Detecting C compiler ABI info
[0.131s] -- Detecting C compiler ABI info - done
[0.135s] -- Check for working C compiler: /usr/bin/cc - skipped
[0.135s] -- Detecting C compile features
[0.135s] -- Detecting C compile features - done
[0.137s] -- Detecting CXX compiler ABI info
[0.196s] -- Detecting CXX compiler ABI info - done
[0.200s] -- Check for working CXX compiler: /usr/bin/c++ - skipped
[0.201s] -- Detecting CXX compile features
[0.201s] -- Detecting CXX compile features - done
[0.202s] -- Found ament_cmake: 1.3.12 (/opt/ros/humble/share/ament_cmake/cmake)
[0.314s] -- Found Python3: /usr/bin/python3 (found version "3.10.12") found components: Interpreter 
[0.360s] -- Override CMake install command with custom implementation using symlinks instead of copying resources
[0.380s] -- Found rosidl_default_generators: 1.2.0 (/opt/ros/humble/share/rosidl_default_generators/cmake)
[0.383s] -- Using all available rosidl_typesupport_c: rosidl_typesupport_fastrtps_c;rosidl_typesupport_introspection_c
[0.389s] -- Found rosidl_adapter: 3.1.7 (/opt/ros/humble/share/rosidl_adapter/cmake)
[0.413s] -- Using all available rosidl_typesupport_cpp: rosidl_typesupport_fastrtps_cpp;rosidl_typesupport_introspection_cpp
[0.622s] -- Found ament_cmake_ros: 0.10.0 (/opt/ros/humble/share/ament_cmake_ros/cmake)
[0.751s] -- Using all available rosidl_typesupport_c: rosidl_typesupport_fastrtps_c;rosidl_typesupport_introspection_c
[0.918s] -- Using all available rosidl_typesupport_cpp: rosidl_typesupport_fastrtps_cpp;rosidl_typesupport_introspection_cpp
[0.933s] -- Found PythonInterp: /usr/bin/python3 (found suitable version "3.10.12", minimum required is "3.6") 
[0.934s] -- Found python_cmake_module: 0.10.0 (/opt/ros/humble/share/python_cmake_module/cmake)
[0.954s] -- Found PythonLibs: /usr/lib/x86_64-linux-gnu/libpython3.10.so (found suitable version "3.10.12", minimum required is "3.5") 
[0.954s] -- Using PYTHON_EXECUTABLE: /usr/bin/python3
[0.954s] -- Using PYTHON_INCLUDE_DIRS: /usr/include/python3.10
[0.954s] -- Using PYTHON_LIBRARIES: /usr/lib/x86_64-linux-gnu/libpython3.10.so
[0.968s] -- Found PythonExtra: .so  
[0.997s] -- Configuring done
[1.012s] -- Generating done
[1.017s] -- Build files have been written to: /home/pbdq/roarm_ws/build/roarm_moveit
[1.020s] Invoked command in '/home/pbdq/roarm_ws/build/roarm_moveit' returned '0': CMAKE_PREFIX_PATH=/home/pbdq/roarm_ws/install/roarm_description:/home/pbdq/roarm_ws/install/roarm_moveit_ikfast_plugins:/home/pbdq/roarm_ws/install/roarm_moveit:/home/pbdq/roarm_ws/install/roarm_bringup:/home/pbdq/roarm_ws/install/sirius_reader:/home/pbdq/roarm_ws/install/roarm_driver:/home/pbdq/roarm_ws/install/ik_solver:/opt/ros/humble /usr/bin/cmake /home/pbdq/roarm_ws/src/roarm_moveit -DAMENT_CMAKE_SYMLINK_INSTALL=1 -DCMAKE_INSTALL_PREFIX=/home/pbdq/roarm_ws/install/roarm_moveit
[1.022s] Invoking command in '/home/pbdq/roarm_ws/build/roarm_moveit': CMAKE_PREFIX_PATH=/home/pbdq/roarm_ws/install/roarm_description:/home/pbdq/roarm_ws/install/roarm_moveit_ikfast_plugins:/home/pbdq/roarm_ws/install/roarm_moveit:/home/pbdq/roarm_ws/install/roarm_bringup:/home/pbdq/roarm_ws/install/sirius_reader:/home/pbdq/roarm_ws/install/roarm_driver:/home/pbdq/roarm_ws/install/ik_solver:/opt/ros/humble /usr/bin/cmake --build /home/pbdq/roarm_ws/build/roarm_moveit -- -j12 -l12
[1.052s] [  2%] [34m[1mGenerating C code for ROS interfaces[0m
[1.061s] [  4%] [34m[1mGenerating C++ code for ROS interfaces[0m
[1.067s] [  4%] Built target ament_cmake_python_symlink_roarm_moveit
[1.218s] running egg_info
[1.219s] creating roarm_moveit.egg-info
[1.219s] writing roarm_moveit.egg-info/PKG-INFO
[1.219s] writing dependency_links to roarm_moveit.egg-info/dependency_links.txt
[1.219s] writing top-level names to roarm_moveit.egg-info/top_level.txt
[1.219s] writing manifest file 'roarm_moveit.egg-info/SOURCES.txt'
[1.220s] reading manifest file 'roarm_moveit.egg-info/SOURCES.txt'
[1.221s] writing manifest file 'roarm_moveit.egg-info/SOURCES.txt'
[1.239s] [  4%] Built target ament_cmake_python_build_roarm_moveit_egg
[1.419s] [  6%] [32mBuilding C object CMakeFiles/roarm_moveit__rosidl_generator_c.dir/rosidl_generator_c/roarm_moveit/srv/detail/move_point_cmd__functions.c.o[0m
[1.420s] [ 10%] [32mBuilding C object CMakeFiles/roarm_moveit__rosidl_generator_c.dir/rosidl_generator_c/roarm_moveit/srv/detail/move_circle_cmd__functions.c.o[0m
[1.420s] [ 10%] [32mBuilding C object CMakeFiles/roarm_moveit__rosidl_generator_c.dir/rosidl_generator_c/roarm_moveit/srv/detail/get_pose_cmd__functions.c.o[0m
[1.469s] [ 12%] [32m[1mLinking C shared library libroarm_moveit__rosidl_generator_c.so[0m
[1.521s] [ 12%] Built target roarm_moveit__rosidl_generator_c
[1.524s] [ 12%] Built target roarm_moveit__cpp
[1.528s] [ 14%] [34m[1mGenerating C type support for eProsima Fast-RTPS[0m
[1.530s] [ 19%] [34m[1mGenerating C introspection for ROS interfaces[0m
[1.531s] [ 19%] [34m[1mGenerating C type support dispatch for ROS interfaces[0m
[1.532s] [ 21%] [34m[1mGenerating C++ type support for eProsima Fast-RTPS[0m
[1.533s] [ 23%] [34m[1mGenerating C++ type support dispatch for ROS interfaces[0m
[1.533s] [ 25%] [34m[1mGenerating C++ introspection for ROS interfaces[0m
[1.867s] [ 27%] [32mBuilding CXX object CMakeFiles/roarm_moveit__rosidl_typesupport_cpp.dir/rosidl_typesupport_cpp/roarm_moveit/srv/move_circle_cmd__type_support.cpp.o[0m
[1.869s] [ 31%] [32mBuilding CXX object CMakeFiles/roarm_moveit__rosidl_typesupport_cpp.dir/rosidl_typesupport_cpp/roarm_moveit/srv/get_pose_cmd__type_support.cpp.o[0m
[1.869s] [ 31%] [32mBuilding CXX object CMakeFiles/roarm_moveit__rosidl_typesupport_cpp.dir/rosidl_typesupport_cpp/roarm_moveit/srv/move_point_cmd__type_support.cpp.o[0m
[1.913s] [ 34%] [32mBuilding CXX object CMakeFiles/roarm_moveit__rosidl_typesupport_fastrtps_cpp.dir/rosidl_typesupport_fastrtps_cpp/roarm_moveit/srv/detail/dds_fastrtps/get_pose_cmd__type_support.cpp.o[0m
[1.914s] [ 36%] [32mBuilding CXX object CMakeFiles/roarm_moveit__rosidl_typesupport_fastrtps_cpp.dir/rosidl_typesupport_fastrtps_cpp/roarm_moveit/srv/detail/dds_fastrtps/move_circle_cmd__type_support.cpp.o[0m
[1.914s] [ 38%] [32mBuilding CXX object CMakeFiles/roarm_moveit__rosidl_typesupport_fastrtps_cpp.dir/rosidl_typesupport_fastrtps_cpp/roarm_moveit/srv/detail/dds_fastrtps/move_point_cmd__type_support.cpp.o[0m
[2.082s] [ 42%] [32mBuilding CXX object CMakeFiles/roarm_moveit__rosidl_typesupport_c.dir/rosidl_typesupport_c/roarm_moveit/srv/move_point_cmd__type_support.cpp.o[0m
[2.082s] [ 42%] [32mBuilding CXX object CMakeFiles/roarm_moveit__rosidl_typesupport_c.dir/rosidl_typesupport_c/roarm_moveit/srv/move_circle_cmd__type_support.cpp.o[0m
[2.082s] [ 44%] [32mBuilding CXX object CMakeFiles/roarm_moveit__rosidl_typesupport_c.dir/rosidl_typesupport_c/roarm_moveit/srv/get_pose_cmd__type_support.cpp.o[0m
[2.123s] [ 46%] [32m[1mLinking CXX shared library libroarm_moveit__rosidl_typesupport_c.so[0m
[2.151s] [ 48%] [32mBuilding CXX object CMakeFiles/roarm_moveit__rosidl_typesupport_introspection_cpp.dir/rosidl_typesupport_introspection_cpp/roarm_moveit/srv/detail/move_circle_cmd__type_support.cpp.o[0m
[2.151s] [ 53%] [32mBuilding CXX object CMakeFiles/roarm_moveit__rosidl_typesupport_introspection_cpp.dir/rosidl_typesupport_introspection_cpp/roarm_moveit/srv/detail/move_point_cmd__type_support.cpp.o[0m
[2.151s] [ 53%] [32mBuilding CXX object CMakeFiles/roarm_moveit__rosidl_typesupport_introspection_cpp.dir/rosidl_typesupport_introspection_cpp/roarm_moveit/srv/detail/get_pose_cmd__type_support.cpp.o[0m
[2.175s] [ 53%] Built target roarm_moveit__rosidl_typesupport_c
[2.178s] [ 55%] [32mBuilding C object CMakeFiles/roarm_moveit__rosidl_typesupport_introspection_c.dir/rosidl_typesupport_introspection_c/roarm_moveit/srv/detail/get_pose_cmd__type_support.c.o[0m
[2.185s] [ 57%] [32mBuilding C object CMakeFiles/roarm_moveit__rosidl_typesupport_introspection_c.dir/rosidl_typesupport_introspection_c/roarm_moveit/srv/detail/move_point_cmd__type_support.c.o[0m
[2.186s] [ 59%] [32mBuilding C object CMakeFiles/roarm_moveit__rosidl_typesupport_introspection_c.dir/rosidl_typesupport_introspection_c/roarm_moveit/srv/detail/move_circle_cmd__type_support.c.o[0m
[2.203s] [ 61%] [32mBuilding CXX object CMakeFiles/roarm_moveit__rosidl_typesupport_fastrtps_c.dir/rosidl_typesupport_fastrtps_c/roarm_moveit/srv/detail/get_pose_cmd__type_support_c.cpp.o[0m
[2.205s] [ 63%] [32mBuilding CXX object CMakeFiles/roarm_moveit__rosidl_typesupport_fastrtps_c.dir/rosidl_typesupport_fastrtps_c/roarm_moveit/srv/detail/move_point_cmd__type_support_c.cpp.o[0m
[2.217s] [ 65%] [32m[1mLinking CXX shared library libroarm_moveit__rosidl_typesupport_cpp.so[0m
[2.226s] [ 68%] [32mBuilding CXX object CMakeFiles/roarm_moveit__rosidl_typesupport_fastrtps_c.dir/rosidl_typesupport_fastrtps_c/roarm_moveit/srv/detail/move_circle_cmd__type_support_c.cpp.o[0m
[2.230s] [ 70%] [32m[1mLinking C shared library libroarm_moveit__rosidl_typesupport_introspection_c.so[0m
[2.267s] [ 70%] Built target roarm_moveit__rosidl_typesupport_introspection_c
[2.273s] [ 70%] Built target roarm_moveit__rosidl_typesupport_cpp
[2.440s] [ 72%] [32m[1mLinking CXX shared library libroarm_moveit__rosidl_typesupport_fastrtps_cpp.so[0m
[2.523s] [ 72%] Built target roarm_moveit__rosidl_typesupport_fastrtps_cpp
[2.551s] [ 74%] [32m[1mLinking CXX shared library libroarm_moveit__rosidl_typesupport_introspection_cpp.so[0m
[2.597s] [ 76%] [32m[1mLinking CXX shared library libroarm_moveit__rosidl_typesupport_fastrtps_c.so[0m
[2.606s] [ 76%] Built target roarm_moveit__rosidl_typesupport_introspection_cpp
[2.648s] [ 76%] Built target roarm_moveit__rosidl_typesupport_fastrtps_c
[2.665s] [ 76%] Built target roarm_moveit
[2.680s] [ 78%] [34m[1mGenerating Python code for ROS interfaces[0m
[3.191s] [ 78%] Built target roarm_moveit__py
[3.206s] [ 80%] [32mBuilding C object CMakeFiles/roarm_moveit__rosidl_generator_py.dir/rosidl_generator_py/roarm_moveit/srv/_get_pose_cmd_s.c.o[0m
[3.207s] [ 85%] [32mBuilding C object CMakeFiles/roarm_moveit__rosidl_generator_py.dir/rosidl_generator_py/roarm_moveit/srv/_move_point_cmd_s.c.o[0m
[3.207s] [ 85%] [32mBuilding C object CMakeFiles/roarm_moveit__rosidl_generator_py.dir/rosidl_generator_py/roarm_moveit/srv/_move_circle_cmd_s.c.o[0m
[3.291s] [ 87%] [32m[1mLinking C shared library rosidl_generator_py/roarm_moveit/libroarm_moveit__rosidl_generator_py.so[0m
[3.322s] [ 87%] Built target roarm_moveit__rosidl_generator_py
[3.338s] [ 89%] [32mBuilding C object CMakeFiles/roarm_moveit__rosidl_typesupport_introspection_c__pyext.dir/rosidl_generator_py/roarm_moveit/_roarm_moveit_s.ep.rosidl_typesupport_introspection_c.c.o[0m
[3.339s] [ 91%] [32mBuilding C object CMakeFiles/roarm_moveit__rosidl_typesupport_fastrtps_c__pyext.dir/rosidl_generator_py/roarm_moveit/_roarm_moveit_s.ep.rosidl_typesupport_fastrtps_c.c.o[0m
[3.339s] [ 93%] [32mBuilding C object CMakeFiles/roarm_moveit__rosidl_typesupport_c__pyext.dir/rosidl_generator_py/roarm_moveit/_roarm_moveit_s.ep.rosidl_typesupport_c.c.o[0m
[3.407s] [ 95%] [32m[1mLinking C shared library rosidl_generator_py/roarm_moveit/roarm_moveit_s__rosidl_typesupport_introspection_c.cpython-310-x86_64-linux-gnu.so[0m
[3.407s] [ 97%] [32m[1mLinking C shared library rosidl_generator_py/roarm_moveit/roarm_moveit_s__rosidl_typesupport_fastrtps_c.cpython-310-x86_64-linux-gnu.so[0m
[3.435s] [100%] [32m[1mLinking C shared library rosidl_generator_py/roarm_moveit/roarm_moveit_s__rosidl_typesupport_c.cpython-310-x86_64-linux-gnu.so[0m
[3.435s] [100%] Built target roarm_moveit__rosidl_typesupport_introspection_c__pyext
[3.435s] [100%] Built target roarm_moveit__rosidl_typesupport_fastrtps_c__pyext
[3.459s] [100%] Built target roarm_moveit__rosidl_typesupport_c__pyext
[3.469s] Invoked command in '/home/pbdq/roarm_ws/build/roarm_moveit' returned '0': CMAKE_PREFIX_PATH=/home/pbdq/roarm_ws/install/roarm_description:/home/pbdq/roarm_ws/install/roarm_moveit_ikfast_plugins:/home/pbdq/roarm_ws/install/roarm_moveit:/home/pbdq/roarm_ws/install/roarm_bringup:/home/pbdq/roarm_ws/install/sirius_reader:/home/pbdq/roarm_ws/install/roarm_driver:/home/pbdq/roarm_ws/install/ik_solver:/opt/ros/humble /usr/bin/cmake --build /home/pbdq/roarm_ws/build/roarm_moveit -- -j12 -l12
[3.471s] Invoking command in '/home/pbdq/roarm_ws/build/roarm_moveit': CMAKE_PREFIX_PATH=/home/pbdq/roarm_ws/install/roarm_description:/home/pbdq/roarm_ws/install/roarm_moveit_ikfast_plugins:/home/pbdq/roarm_ws/install/roarm_moveit:/home/pbdq/roarm_ws/install/roarm_bringup:/home/pbdq/roarm_ws/install/sirius_reader:/home/pbdq/roarm_ws/install/roarm_driver:/home/pbdq/roarm_ws/install/ik_solver:/opt/ros/humble /usr/bin/cmake --install /home/pbdq/roarm_ws/build/roarm_moveit
[3.477s] -- Install configuration: ""
[3.477s] -- Execute custom install script
[3.477s] -- Symlinking: /home/pbdq/roarm_ws/install/roarm_moveit/share/ament_index/resource_index/rosidl_interfaces/roarm_moveit
[3.484s] -- Symlinking: /home/pbdq/roarm_ws/install/roarm_moveit/include/roarm_moveit/roarm_moveit/msg/rosidl_generator_c__visibility_control.h
[3.490s] -- Symlinking: /home/pbdq/roarm_ws/install/roarm_moveit/include/roarm_moveit/roarm_moveit/srv/detail/get_pose_cmd__functions.h
[3.496s] -- Symlinking: /home/pbdq/roarm_ws/install/roarm_moveit/include/roarm_moveit/roarm_moveit/srv/detail/get_pose_cmd__struct.h
[3.502s] -- Symlinking: /home/pbdq/roarm_ws/install/roarm_moveit/include/roarm_moveit/roarm_moveit/srv/detail/get_pose_cmd__type_support.h
[3.508s] -- Symlinking: /home/pbdq/roarm_ws/install/roarm_moveit/include/roarm_moveit/roarm_moveit/srv/detail/move_circle_cmd__functions.h
[3.514s] -- Symlinking: /home/pbdq/roarm_ws/install/roarm_moveit/include/roarm_moveit/roarm_moveit/srv/detail/move_circle_cmd__struct.h
[3.521s] -- Symlinking: /home/pbdq/roarm_ws/install/roarm_moveit/include/roarm_moveit/roarm_moveit/srv/detail/move_circle_cmd__type_support.h
[3.526s] -- Symlinking: /home/pbdq/roarm_ws/install/roarm_moveit/include/roarm_moveit/roarm_moveit/srv/detail/move_point_cmd__functions.h
[3.531s] -- Symlinking: /home/pbdq/roarm_ws/install/roarm_moveit/include/roarm_moveit/roarm_moveit/srv/detail/move_point_cmd__struct.h
[3.537s] -- Symlinking: /home/pbdq/roarm_ws/install/roarm_moveit/include/roarm_moveit/roarm_moveit/srv/detail/move_point_cmd__type_support.h
[3.544s] -- Symlinking: /home/pbdq/roarm_ws/install/roarm_moveit/include/roarm_moveit/roarm_moveit/srv/get_pose_cmd.h
[3.550s] -- Symlinking: /home/pbdq/roarm_ws/install/roarm_moveit/include/roarm_moveit/roarm_moveit/srv/move_circle_cmd.h
[3.555s] -- Symlinking: /home/pbdq/roarm_ws/install/roarm_moveit/include/roarm_moveit/roarm_moveit/srv/move_point_cmd.h
[3.561s] -- Symlinking: /home/pbdq/roarm_ws/install/roarm_moveit/share/roarm_moveit/environment/library_path.sh
[3.567s] -- Symlinking: /home/pbdq/roarm_ws/install/roarm_moveit/share/roarm_moveit/environment/library_path.dsv
[3.574s] -- Symlinking: /home/pbdq/roarm_ws/install/roarm_moveit/include/roarm_moveit/roarm_moveit/msg/rosidl_typesupport_fastrtps_c__visibility_control.h
[3.580s] -- Symlinking: /home/pbdq/roarm_ws/install/roarm_moveit/include/roarm_moveit/roarm_moveit/srv/detail/get_pose_cmd__rosidl_typesupport_fastrtps_c.h
[3.586s] -- Symlinking: /home/pbdq/roarm_ws/install/roarm_moveit/include/roarm_moveit/roarm_moveit/srv/detail/move_circle_cmd__rosidl_typesupport_fastrtps_c.h
[3.593s] -- Symlinking: /home/pbdq/roarm_ws/install/roarm_moveit/include/roarm_moveit/roarm_moveit/srv/detail/move_point_cmd__rosidl_typesupport_fastrtps_c.h
[3.598s] -- Symlinking: /home/pbdq/roarm_ws/install/roarm_moveit/include/roarm_moveit/roarm_moveit/msg/rosidl_typesupport_introspection_c__visibility_control.h
[3.605s] -- Symlinking: /home/pbdq/roarm_ws/install/roarm_moveit/include/roarm_moveit/roarm_moveit/srv/detail/get_pose_cmd__rosidl_typesupport_introspection_c.h
[3.610s] -- Symlinking: /home/pbdq/roarm_ws/install/roarm_moveit/include/roarm_moveit/roarm_moveit/srv/detail/move_circle_cmd__rosidl_typesupport_introspection_c.h
[3.615s] -- Symlinking: /home/pbdq/roarm_ws/install/roarm_moveit/include/roarm_moveit/roarm_moveit/srv/detail/move_point_cmd__rosidl_typesupport_introspection_c.h
[3.620s] -- Symlinking: /home/pbdq/roarm_ws/install/roarm_moveit/include/roarm_moveit/roarm_moveit/msg/rosidl_generator_cpp__visibility_control.hpp
[3.627s] -- Symlinking: /home/pbdq/roarm_ws/install/roarm_moveit/include/roarm_moveit/roarm_moveit/srv/detail/get_pose_cmd__builder.hpp
[3.632s] -- Symlinking: /home/pbdq/roarm_ws/install/roarm_moveit/include/roarm_moveit/roarm_moveit/srv/detail/get_pose_cmd__struct.hpp
[3.638s] -- Symlinking: /home/pbdq/roarm_ws/install/roarm_moveit/include/roarm_moveit/roarm_moveit/srv/detail/get_pose_cmd__traits.hpp
[3.643s] -- Symlinking: /home/pbdq/roarm_ws/install/roarm_moveit/include/roarm_moveit/roarm_moveit/srv/detail/get_pose_cmd__type_support.hpp
[3.648s] -- Symlinking: /home/pbdq/roarm_ws/install/roarm_moveit/include/roarm_moveit/roarm_moveit/srv/detail/move_circle_cmd__builder.hpp
[3.654s] -- Symlinking: /home/pbdq/roarm_ws/install/roarm_moveit/include/roarm_moveit/roarm_moveit/srv/detail/move_circle_cmd__struct.hpp
[3.659s] -- Symlinking: /home/pbdq/roarm_ws/install/roarm_moveit/include/roarm_moveit/roarm_moveit/srv/detail/move_circle_cmd__traits.hpp
[3.666s] -- Symlinking: /home/pbdq/roarm_ws/install/roarm_moveit/include/roarm_moveit/roarm_moveit/srv/detail/move_circle_cmd__type_support.hpp
[3.671s] -- Symlinking: /home/pbdq/roarm_ws/install/roarm_moveit/include/roarm_moveit/roarm_moveit/srv/detail/move_point_cmd__builder.hpp
[3.678s] -- Symlinking: /home/pbdq/roarm_ws/install/roarm_moveit/include/roarm_moveit/roarm_moveit/srv/detail/move_point_cmd__struct.hpp
[3.683s] -- Symlinking: /home/pbdq/roarm_ws/install/roarm_moveit/include/roarm_moveit/roarm_moveit/srv/detail/move_point_cmd__traits.hpp
[3.694s] -- Symlinking: /home/pbdq/roarm_ws/install/roarm_moveit/include/roarm_moveit/roarm_moveit/srv/detail/move_point_cmd__type_support.hpp
[3.696s] -- Symlinking: /home/pbdq/roarm_ws/install/roarm_moveit/include/roarm_moveit/roarm_moveit/srv/get_pose_cmd.hpp
[3.702s] -- Symlinking: /home/pbdq/roarm_ws/install/roarm_moveit/include/roarm_moveit/roarm_moveit/srv/move_circle_cmd.hpp
[3.707s] -- Symlinking: /home/pbdq/roarm_ws/install/roarm_moveit/include/roarm_moveit/roarm_moveit/srv/move_point_cmd.hpp
[3.713s] -- Symlinking: /home/pbdq/roarm_ws/install/roarm_moveit/include/roarm_moveit/roarm_moveit/msg/rosidl_typesupport_fastrtps_cpp__visibility_control.h
[3.718s] -- Symlinking: /home/pbdq/roarm_ws/install/roarm_moveit/include/roarm_moveit/roarm_moveit/srv/detail/get_pose_cmd__rosidl_typesupport_fastrtps_cpp.hpp
[3.725s] -- Symlinking: /home/pbdq/roarm_ws/install/roarm_moveit/include/roarm_moveit/roarm_moveit/srv/detail/move_circle_cmd__rosidl_typesupport_fastrtps_cpp.hpp
[3.730s] -- Symlinking: /home/pbdq/roarm_ws/install/roarm_moveit/include/roarm_moveit/roarm_moveit/srv/detail/move_point_cmd__rosidl_typesupport_fastrtps_cpp.hpp
[3.736s] -- Symlinking: /home/pbdq/roarm_ws/install/roarm_moveit/include/roarm_moveit/roarm_moveit/srv/detail/get_pose_cmd__rosidl_typesupport_introspection_cpp.hpp
[3.742s] -- Symlinking: /home/pbdq/roarm_ws/install/roarm_moveit/include/roarm_moveit/roarm_moveit/srv/detail/move_circle_cmd__rosidl_typesupport_introspection_cpp.hpp
[3.748s] -- Symlinking: /home/pbdq/roarm_ws/install/roarm_moveit/include/roarm_moveit/roarm_moveit/srv/detail/move_point_cmd__rosidl_typesupport_introspection_cpp.hpp
[3.754s] -- Symlinking: /home/pbdq/roarm_ws/install/roarm_moveit/share/roarm_moveit/environment/pythonpath.sh
[3.760s] -- Symlinking: /home/pbdq/roarm_ws/install/roarm_moveit/share/roarm_moveit/environment/pythonpath.dsv
[3.767s] -- Symlinking: /home/pbdq/roarm_ws/install/roarm_moveit/local/lib/python3.10/dist-packages/roarm_moveit-0.3.0-py3.10.egg-info/PKG-INFO
[3.773s] -- Symlinking: /home/pbdq/roarm_ws/install/roarm_moveit/local/lib/python3.10/dist-packages/roarm_moveit-0.3.0-py3.10.egg-info/SOURCES.txt
[3.779s] -- Symlinking: /home/pbdq/roarm_ws/install/roarm_moveit/local/lib/python3.10/dist-packages/roarm_moveit-0.3.0-py3.10.egg-info/dependency_links.txt
[3.785s] -- Symlinking: /home/pbdq/roarm_ws/install/roarm_moveit/local/lib/python3.10/dist-packages/roarm_moveit-0.3.0-py3.10.egg-info/top_level.txt
[3.791s] -- Symlinking: /home/pbdq/roarm_ws/install/roarm_moveit/local/lib/python3.10/dist-packages/roarm_moveit/__init__.py
[3.797s] -- Symlinking: /home/pbdq/roarm_ws/install/roarm_moveit/local/lib/python3.10/dist-packages/roarm_moveit/_roarm_moveit_s.ep.rosidl_typesupport_c.c
[3.802s] -- Symlinking: /home/pbdq/roarm_ws/install/roarm_moveit/local/lib/python3.10/dist-packages/roarm_moveit/_roarm_moveit_s.ep.rosidl_typesupport_fastrtps_c.c
[3.808s] -- Symlinking: /home/pbdq/roarm_ws/install/roarm_moveit/local/lib/python3.10/dist-packages/roarm_moveit/_roarm_moveit_s.ep.rosidl_typesupport_introspection_c.c
[3.813s] -- Symlinking: /home/pbdq/roarm_ws/install/roarm_moveit/local/lib/python3.10/dist-packages/roarm_moveit/libroarm_moveit__rosidl_generator_py.so
[3.820s] -- Symlinking: /home/pbdq/roarm_ws/install/roarm_moveit/local/lib/python3.10/dist-packages/roarm_moveit/roarm_moveit_s__rosidl_typesupport_c.cpython-310-x86_64-linux-gnu.so
[3.826s] -- Symlinking: /home/pbdq/roarm_ws/install/roarm_moveit/local/lib/python3.10/dist-packages/roarm_moveit/roarm_moveit_s__rosidl_typesupport_fastrtps_c.cpython-310-x86_64-linux-gnu.so
[3.832s] -- Symlinking: /home/pbdq/roarm_ws/install/roarm_moveit/local/lib/python3.10/dist-packages/roarm_moveit/roarm_moveit_s__rosidl_typesupport_introspection_c.cpython-310-x86_64-linux-gnu.so
[3.838s] -- Symlinking: /home/pbdq/roarm_ws/install/roarm_moveit/local/lib/python3.10/dist-packages/roarm_moveit/srv/__init__.py
[3.845s] -- Symlinking: /home/pbdq/roarm_ws/install/roarm_moveit/local/lib/python3.10/dist-packages/roarm_moveit/srv/_get_pose_cmd.py
[3.850s] -- Symlinking: /home/pbdq/roarm_ws/install/roarm_moveit/local/lib/python3.10/dist-packages/roarm_moveit/srv/_get_pose_cmd_s.c
[3.856s] -- Symlinking: /home/pbdq/roarm_ws/install/roarm_moveit/local/lib/python3.10/dist-packages/roarm_moveit/srv/_move_circle_cmd.py
[3.862s] -- Symlinking: /home/pbdq/roarm_ws/install/roarm_moveit/local/lib/python3.10/dist-packages/roarm_moveit/srv/_move_circle_cmd_s.c
[3.868s] -- Symlinking: /home/pbdq/roarm_ws/install/roarm_moveit/local/lib/python3.10/dist-packages/roarm_moveit/srv/_move_point_cmd.py
[3.874s] -- Symlinking: /home/pbdq/roarm_ws/install/roarm_moveit/local/lib/python3.10/dist-packages/roarm_moveit/srv/_move_point_cmd_s.c
[3.880s] -- Up-to-date symlink: /home/pbdq/roarm_ws/install/roarm_moveit/local/lib/python3.10/dist-packages/roarm_moveit/roarm_moveit_s__rosidl_typesupport_fastrtps_c.cpython-310-x86_64-linux-gnu.so
[3.881s] -- Up-to-date symlink: /home/pbdq/roarm_ws/install/roarm_moveit/local/lib/python3.10/dist-packages/roarm_moveit/roarm_moveit_s__rosidl_typesupport_introspection_c.cpython-310-x86_64-linux-gnu.so
[3.881s] -- Up-to-date symlink: /home/pbdq/roarm_ws/install/roarm_moveit/local/lib/python3.10/dist-packages/roarm_moveit/roarm_moveit_s__rosidl_typesupport_c.cpython-310-x86_64-linux-gnu.so
[3.881s] -- Symlinking: /home/pbdq/roarm_ws/install/roarm_moveit/share/roarm_moveit/srv/GetPoseCmd.idl
[3.886s] -- Symlinking: /home/pbdq/roarm_ws/install/roarm_moveit/share/roarm_moveit/srv/MovePointCmd.idl
[3.892s] -- Symlinking: /home/pbdq/roarm_ws/install/roarm_moveit/share/roarm_moveit/srv/MoveCircleCmd.idl
[3.897s] -- Symlinking: /home/pbdq/roarm_ws/install/roarm_moveit/share/roarm_moveit/srv/GetPoseCmd.srv
[3.903s] -- Symlinking: /home/pbdq/roarm_ws/install/roarm_moveit/share/roarm_moveit/srv/GetPoseCmd_Request.msg
[3.910s] -- Symlinking: /home/pbdq/roarm_ws/install/roarm_moveit/share/roarm_moveit/srv/GetPoseCmd_Response.msg
[3.916s] -- Symlinking: /home/pbdq/roarm_ws/install/roarm_moveit/share/roarm_moveit/srv/MovePointCmd.srv
[3.922s] -- Symlinking: /home/pbdq/roarm_ws/install/roarm_moveit/share/roarm_moveit/srv/MovePointCmd_Request.msg
[3.927s] -- Symlinking: /home/pbdq/roarm_ws/install/roarm_moveit/share/roarm_moveit/srv/MovePointCmd_Response.msg
[3.933s] -- Symlinking: /home/pbdq/roarm_ws/install/roarm_moveit/share/roarm_moveit/srv/MoveCircleCmd.srv
[3.940s] -- Symlinking: /home/pbdq/roarm_ws/install/roarm_moveit/share/roarm_moveit/srv/MoveCircleCmd_Request.msg
[3.946s] -- Symlinking: /home/pbdq/roarm_ws/install/roarm_moveit/share/roarm_moveit/srv/MoveCircleCmd_Response.msg
[3.952s] -- Symlinking: /home/pbdq/roarm_ws/install/roarm_moveit/share/ament_index/resource_index/package_run_dependencies/roarm_moveit
[3.958s] -- Symlinking: /home/pbdq/roarm_ws/install/roarm_moveit/share/ament_index/resource_index/parent_prefix_path/roarm_moveit
[3.966s] -- Symlinking: /home/pbdq/roarm_ws/install/roarm_moveit/share/roarm_moveit/environment/ament_prefix_path.sh
[3.971s] -- Symlinking: /home/pbdq/roarm_ws/install/roarm_moveit/share/roarm_moveit/environment/ament_prefix_path.dsv
[3.977s] -- Symlinking: /home/pbdq/roarm_ws/install/roarm_moveit/share/roarm_moveit/environment/path.sh
[3.982s] -- Symlinking: /home/pbdq/roarm_ws/install/roarm_moveit/share/roarm_moveit/environment/path.dsv
[3.989s] -- Symlinking: /home/pbdq/roarm_ws/install/roarm_moveit/share/roarm_moveit/local_setup.bash
[3.996s] -- Symlinking: /home/pbdq/roarm_ws/install/roarm_moveit/share/roarm_moveit/local_setup.sh
[4.002s] -- Symlinking: /home/pbdq/roarm_ws/install/roarm_moveit/share/roarm_moveit/local_setup.zsh
[4.007s] -- Symlinking: /home/pbdq/roarm_ws/install/roarm_moveit/share/roarm_moveit/local_setup.dsv
[4.012s] -- Symlinking: /home/pbdq/roarm_ws/install/roarm_moveit/share/roarm_moveit/package.dsv
[4.018s] -- Symlinking: /home/pbdq/roarm_ws/install/roarm_moveit/share/ament_index/resource_index/packages/roarm_moveit
[4.025s] -- Symlinking: /home/pbdq/roarm_ws/install/roarm_moveit/share/roarm_moveit/cmake/rosidl_cmake-extras.cmake
[4.031s] -- Symlinking: /home/pbdq/roarm_ws/install/roarm_moveit/share/roarm_moveit/cmake/ament_cmake_export_include_directories-extras.cmake
[4.037s] -- Symlinking: /home/pbdq/roarm_ws/install/roarm_moveit/share/roarm_moveit/cmake/ament_cmake_export_libraries-extras.cmake
[4.043s] -- Symlinking: /home/pbdq/roarm_ws/install/roarm_moveit/share/roarm_moveit/cmake/ament_cmake_export_targets-extras.cmake
[4.049s] -- Symlinking: /home/pbdq/roarm_ws/install/roarm_moveit/share/roarm_moveit/cmake/rosidl_cmake_export_typesupport_targets-extras.cmake
[4.056s] -- Symlinking: /home/pbdq/roarm_ws/install/roarm_moveit/share/roarm_moveit/cmake/ament_cmake_export_dependencies-extras.cmake
[4.062s] -- Symlinking: /home/pbdq/roarm_ws/install/roarm_moveit/share/roarm_moveit/cmake/rosidl_cmake_export_typesupport_libraries-extras.cmake
[4.068s] -- Symlinking: /home/pbdq/roarm_ws/install/roarm_moveit/share/roarm_moveit/cmake/roarm_moveitConfig.cmake
[4.072s] -- Symlinking: /home/pbdq/roarm_ws/install/roarm_moveit/share/roarm_moveit/cmake/roarm_moveitConfig-version.cmake
[4.079s] -- Symlinking: /home/pbdq/roarm_ws/install/roarm_moveit/share/roarm_moveit/package.xml
[4.084s] -- Symlinking: /home/pbdq/roarm_ws/install/roarm_moveit/share/roarm_moveit/launch/command_control_moveit_rviz.launch.py
[4.090s] -- Symlinking: /home/pbdq/roarm_ws/install/roarm_moveit/share/roarm_moveit/launch/demo.launch.py
[4.096s] -- Symlinking: /home/pbdq/roarm_ws/install/roarm_moveit/share/roarm_moveit/launch/interact.launch.py
[4.102s] -- Symlinking: /home/pbdq/roarm_ws/install/roarm_moveit/share/roarm_moveit/launch/interact_moveit_rviz.launch.py
[4.107s] -- Symlinking: /home/pbdq/roarm_ws/install/roarm_moveit/share/roarm_moveit/launch/move_group.launch.py
[4.114s] -- Symlinking: /home/pbdq/roarm_ws/install/roarm_moveit/share/roarm_moveit/launch/moveit_rviz.launch.py
[4.119s] -- Symlinking: /home/pbdq/roarm_ws/install/roarm_moveit/share/roarm_moveit/launch/rsp.launch.py
[4.126s] -- Symlinking: /home/pbdq/roarm_ws/install/roarm_moveit/share/roarm_moveit/launch/setup_assistant.launch.py
[4.131s] -- Symlinking: /home/pbdq/roarm_ws/install/roarm_moveit/share/roarm_moveit/launch/spawn_controllers.launch.py
[4.137s] -- Symlinking: /home/pbdq/roarm_ws/install/roarm_moveit/share/roarm_moveit/launch/static_virtual_joint_tfs.launch.py
[4.143s] -- Symlinking: /home/pbdq/roarm_ws/install/roarm_moveit/share/roarm_moveit/launch/warehouse_db.launch.py
[4.150s] -- Symlinking: /home/pbdq/roarm_ws/install/roarm_moveit/share/roarm_moveit/config/initial_positions.yaml
[4.155s] -- Symlinking: /home/pbdq/roarm_ws/install/roarm_moveit/share/roarm_moveit/config/interact.rviz
[4.161s] -- Symlinking: /home/pbdq/roarm_ws/install/roarm_moveit/share/roarm_moveit/config/joint_limits.yaml
[4.168s] -- Symlinking: /home/pbdq/roarm_ws/install/roarm_moveit/share/roarm_moveit/config/kinematics.yaml
[4.173s] -- Symlinking: /home/pbdq/roarm_ws/install/roarm_moveit/share/roarm_moveit/config/moveit.rviz
[4.178s] -- Symlinking: /home/pbdq/roarm_ws/install/roarm_moveit/share/roarm_moveit/config/moveit_controllers.yaml
[4.184s] -- Symlinking: /home/pbdq/roarm_ws/install/roarm_moveit/share/roarm_moveit/config/pilz_cartesian_limits.yaml
[4.191s] -- Symlinking: /home/pbdq/roarm_ws/install/roarm_moveit/share/roarm_moveit/config/roarm_description.ros2_control.xacro
[4.197s] -- Symlinking: /home/pbdq/roarm_ws/install/roarm_moveit/share/roarm_moveit/config/roarm_description.srdf
[4.203s] -- Symlinking: /home/pbdq/roarm_ws/install/roarm_moveit/share/roarm_moveit/config/roarm_description.urdf.xacro
[4.208s] -- Symlinking: /home/pbdq/roarm_ws/install/roarm_moveit/share/roarm_moveit/config/ros2_controllers.yaml
[4.215s] -- Symlinking: /home/pbdq/roarm_ws/install/roarm_moveit/share/roarm_moveit/config/sensors_3d.yaml
[4.221s] -- Symlinking: /home/pbdq/roarm_ws/install/roarm_moveit/share/roarm_moveit/.setup_assistant
[4.226s] -- Installing: /home/pbdq/roarm_ws/install/roarm_moveit/lib/libroarm_moveit__rosidl_generator_c.so
[4.226s] -- Set runtime path of "/home/pbdq/roarm_ws/install/roarm_moveit/lib/libroarm_moveit__rosidl_generator_c.so" to ""
[4.226s] -- Installing: /home/pbdq/roarm_ws/install/roarm_moveit/lib/libroarm_moveit__rosidl_typesupport_fastrtps_c.so
[4.226s] -- Set runtime path of "/home/pbdq/roarm_ws/install/roarm_moveit/lib/libroarm_moveit__rosidl_typesupport_fastrtps_c.so" to ""
[4.226s] -- Installing: /home/pbdq/roarm_ws/install/roarm_moveit/lib/libroarm_moveit__rosidl_typesupport_introspection_c.so
[4.226s] -- Set runtime path of "/home/pbdq/roarm_ws/install/roarm_moveit/lib/libroarm_moveit__rosidl_typesupport_introspection_c.so" to ""
[4.226s] -- Installing: /home/pbdq/roarm_ws/install/roarm_moveit/lib/libroarm_moveit__rosidl_typesupport_c.so
[4.227s] -- Set runtime path of "/home/pbdq/roarm_ws/install/roarm_moveit/lib/libroarm_moveit__rosidl_typesupport_c.so" to ""
[4.227s] -- Installing: /home/pbdq/roarm_ws/install/roarm_moveit/lib/libroarm_moveit__rosidl_typesupport_fastrtps_cpp.so
[4.227s] -- Set runtime path of "/home/pbdq/roarm_ws/install/roarm_moveit/lib/libroarm_moveit__rosidl_typesupport_fastrtps_cpp.so" to ""
[4.227s] -- Installing: /home/pbdq/roarm_ws/install/roarm_moveit/lib/libroarm_moveit__rosidl_typesupport_introspection_cpp.so
[4.227s] -- Set runtime path of "/home/pbdq/roarm_ws/install/roarm_moveit/lib/libroarm_moveit__rosidl_typesupport_introspection_cpp.so" to ""
[4.227s] -- Installing: /home/pbdq/roarm_ws/install/roarm_moveit/lib/libroarm_moveit__rosidl_typesupport_cpp.so
[4.227s] -- Set runtime path of "/home/pbdq/roarm_ws/install/roarm_moveit/lib/libroarm_moveit__rosidl_typesupport_cpp.so" to ""
[4.251s] Listing '/home/pbdq/roarm_ws/install/roarm_moveit/local/lib/python3.10/dist-packages/roarm_moveit'...
[4.251s] Compiling '/home/pbdq/roarm_ws/install/roarm_moveit/local/lib/python3.10/dist-packages/roarm_moveit/__init__.py'...
[4.251s] Listing '/home/pbdq/roarm_ws/install/roarm_moveit/local/lib/python3.10/dist-packages/roarm_moveit/srv'...
[4.252s] Compiling '/home/pbdq/roarm_ws/install/roarm_moveit/local/lib/python3.10/dist-packages/roarm_moveit/srv/__init__.py'...
[4.252s] Compiling '/home/pbdq/roarm_ws/install/roarm_moveit/local/lib/python3.10/dist-packages/roarm_moveit/srv/_get_pose_cmd.py'...
[4.252s] Compiling '/home/pbdq/roarm_ws/install/roarm_moveit/local/lib/python3.10/dist-packages/roarm_moveit/srv/_move_circle_cmd.py'...
[4.252s] Compiling '/home/pbdq/roarm_ws/install/roarm_moveit/local/lib/python3.10/dist-packages/roarm_moveit/srv/_move_point_cmd.py'...
[4.254s] -- Installing: /home/pbdq/roarm_ws/install/roarm_moveit/lib/libroarm_moveit__rosidl_generator_py.so
[4.255s] -- Set runtime path of "/home/pbdq/roarm_ws/install/roarm_moveit/lib/libroarm_moveit__rosidl_generator_py.so" to ""
[4.255s] -- Installing: /home/pbdq/roarm_ws/install/roarm_moveit/share/roarm_moveit/cmake/export_roarm_moveit__rosidl_generator_cExport.cmake
[4.255s] -- Installing: /home/pbdq/roarm_ws/install/roarm_moveit/share/roarm_moveit/cmake/export_roarm_moveit__rosidl_generator_cExport-noconfig.cmake
[4.255s] -- Installing: /home/pbdq/roarm_ws/install/roarm_moveit/share/roarm_moveit/cmake/export_roarm_moveit__rosidl_typesupport_fastrtps_cExport.cmake
[4.255s] -- Installing: /home/pbdq/roarm_ws/install/roarm_moveit/share/roarm_moveit/cmake/export_roarm_moveit__rosidl_typesupport_fastrtps_cExport-noconfig.cmake
[4.255s] -- Installing: /home/pbdq/roarm_ws/install/roarm_moveit/share/roarm_moveit/cmake/roarm_moveit__rosidl_typesupport_introspection_cExport.cmake
[4.255s] -- Installing: /home/pbdq/roarm_ws/install/roarm_moveit/share/roarm_moveit/cmake/roarm_moveit__rosidl_typesupport_introspection_cExport-noconfig.cmake
[4.255s] -- Installing: /home/pbdq/roarm_ws/install/roarm_moveit/share/roarm_moveit/cmake/roarm_moveit__rosidl_typesupport_cExport.cmake
[4.255s] -- Installing: /home/pbdq/roarm_ws/install/roarm_moveit/share/roarm_moveit/cmake/roarm_moveit__rosidl_typesupport_cExport-noconfig.cmake
[4.255s] -- Installing: /home/pbdq/roarm_ws/install/roarm_moveit/share/roarm_moveit/cmake/export_roarm_moveit__rosidl_generator_cppExport.cmake
[4.255s] -- Installing: /home/pbdq/roarm_ws/install/roarm_moveit/share/roarm_moveit/cmake/export_roarm_moveit__rosidl_typesupport_fastrtps_cppExport.cmake
[4.255s] -- Installing: /home/pbdq/roarm_ws/install/roarm_moveit/share/roarm_moveit/cmake/export_roarm_moveit__rosidl_typesupport_fastrtps_cppExport-noconfig.cmake
[4.255s] -- Installing: /home/pbdq/roarm_ws/install/roarm_moveit/share/roarm_moveit/cmake/roarm_moveit__rosidl_typesupport_introspection_cppExport.cmake
[4.255s] -- Installing: /home/pbdq/roarm_ws/install/roarm_moveit/share/roarm_moveit/cmake/roarm_moveit__rosidl_typesupport_introspection_cppExport-noconfig.cmake
[4.255s] -- Installing: /home/pbdq/roarm_ws/install/roarm_moveit/share/roarm_moveit/cmake/roarm_moveit__rosidl_typesupport_cppExport.cmake
[4.255s] -- Installing: /home/pbdq/roarm_ws/install/roarm_moveit/share/roarm_moveit/cmake/roarm_moveit__rosidl_typesupport_cppExport-noconfig.cmake
[4.255s] -- Installing: /home/pbdq/roarm_ws/install/roarm_moveit/share/roarm_moveit/cmake/export_roarm_moveit__rosidl_generator_pyExport.cmake
[4.255s] -- Installing: /home/pbdq/roarm_ws/install/roarm_moveit/share/roarm_moveit/cmake/export_roarm_moveit__rosidl_generator_pyExport-noconfig.cmake
[4.257s] Invoked command in '/home/pbdq/roarm_ws/build/roarm_moveit' returned '0': CMAKE_PREFIX_PATH=/home/pbdq/roarm_ws/install/roarm_description:/home/pbdq/roarm_ws/install/roarm_moveit_ikfast_plugins:/home/pbdq/roarm_ws/install/roarm_moveit:/home/pbdq/roarm_ws/install/roarm_bringup:/home/pbdq/roarm_ws/install/sirius_reader:/home/pbdq/roarm_ws/install/roarm_driver:/home/pbdq/roarm_ws/install/ik_solver:/opt/ros/humble /usr/bin/cmake --install /home/pbdq/roarm_ws/build/roarm_moveit
