[0.006s] Invoking command in '/home/pbdq/roarm_ws/build/roarm_moveit_ikfast_plugins': CMAKE_PREFIX_PATH=${CMAKE_PREFIX_PATH}:/home/pbdq/roarm_ws/install/roarm_bringup:/home/pbdq/roarm_ws/install/sirius_reader:/home/pbdq/roarm_ws/install/roarm_driver:/home/pbdq/roarm_ws/install/ik_solver:/opt/ros/humble /usr/bin/cmake /home/pbdq/roarm_ws/src/roarm_moveit_ikfast_plugins -DAMENT_CMAKE_SYMLINK_INSTALL=1 -DCMAKE_INSTALL_PREFIX=/home/pbdq/roarm_ws/install/roarm_moveit_ikfast_plugins
[0.046s] -- The C compiler identification is GNU 11.4.0
[0.080s] -- The CXX compiler identification is GNU 11.4.0
[0.084s] -- Detecting C compiler ABI info
[0.136s] -- Detecting C compiler ABI info - done
[0.143s] -- Check for working C compiler: /usr/bin/cc - skipped
[0.143s] -- Detecting C compile features
[0.143s] -- Detecting C compile features - done
[0.145s] -- Detecting CXX compiler ABI info
[0.202s] -- Detecting CXX compiler ABI info - done
[0.207s] -- Check for working CXX compiler: /usr/bin/c++ - skipped
[0.207s] -- Detecting CXX compile features
[0.207s] -- Detecting CXX compile features - done
[0.209s] -- Found ament_cmake: 1.3.12 (/opt/ros/humble/share/ament_cmake/cmake)
[0.316s] -- Found Python3: /usr/bin/python3 (found version "3.10.12") found components: Interpreter 
[0.355s] -- Override CMake install command with custom implementation using symlinks instead of copying resources
[0.373s] -- Found moveit_core: 2.5.9 (/opt/ros/humble/share/moveit_core/cmake)
[0.504s] -- Found Boost: /usr/lib/x86_64-linux-gnu/cmake/Boost-1.74.0/BoostConfig.cmake (found version "1.74.0") found components: chrono date_time filesystem iostreams program_options regex serialization system thread 
[0.536s] -- Found parameter_traits: 0.5.0 (/opt/ros/humble/share/parameter_traits/cmake)
[0.558s] -- Found rosidl_generator_c: 3.1.7 (/opt/ros/humble/share/rosidl_generator_c/cmake)
[0.561s] -- Found rosidl_adapter: 3.1.7 (/opt/ros/humble/share/rosidl_adapter/cmake)
[0.565s] -- Found rosidl_generator_cpp: 3.1.7 (/opt/ros/humble/share/rosidl_generator_cpp/cmake)
[0.573s] -- Using all available rosidl_typesupport_c: rosidl_typesupport_fastrtps_c;rosidl_typesupport_introspection_c
[0.582s] -- Using all available rosidl_typesupport_cpp: rosidl_typesupport_fastrtps_cpp;rosidl_typesupport_introspection_cpp
[0.608s] -- Found rmw_implementation_cmake: 6.1.2 (/opt/ros/humble/share/rmw_implementation_cmake/cmake)
[0.609s] -- Found rmw_fastrtps_cpp: 6.2.8 (/opt/ros/humble/share/rmw_fastrtps_cpp/cmake)
[0.670s] -- Found OpenSSL: /usr/lib/x86_64-linux-gnu/libcrypto.so (found version "3.0.2")  
[0.685s] -- Found FastRTPS: /opt/ros/humble/include  
[0.710s] -- Using RMW implementation 'rmw_fastrtps_cpp' as default
[0.715s] -- Found Threads: TRUE  
[0.750s] -- Found rclcpp_lifecycle: 16.0.14 (/opt/ros/humble/share/rclcpp_lifecycle/cmake)
[0.765s] -- Found Boost: /usr/lib/x86_64-linux-gnu/cmake/Boost-1.74.0/BoostConfig.cmake (found version "1.74.0") found components: filesystem 
[0.833s] -- library: /usr/lib/x86_64-linux-gnu/libcurl.so
[0.875s] -- Found Eigen3: TRUE (found version "3.4.0") 
[0.876s] -- Ensuring Eigen3 include directory is part of orocos-kdl CMake target
[1.015s] -- Looking for sgemm_
[1.065s] -- Looking for sgemm_ - not found
[1.089s] -- Looking for sgemm_
[1.144s] -- Looking for sgemm_ - found
[1.144s] -- Found BLAS: /usr/lib/x86_64-linux-gnu/libblas.so  
[1.146s] -- Looking for cheev_
[1.196s] -- Looking for cheev_ - not found
[1.202s] -- Looking for cheev_
[1.247s] -- Looking for cheev_ - not found
[1.248s] -- Looking for cheev_
[1.307s] -- Looking for cheev_ - found
[1.307s] -- Found LAPACK: /usr/lib/x86_64-linux-gnu/liblapack.so;/usr/lib/x86_64-linux-gnu/libblas.so  
[1.368s] -- Configuring done
[1.380s] -- Generating done
[1.383s] -- Build files have been written to: /home/pbdq/roarm_ws/build/roarm_moveit_ikfast_plugins
[1.391s] Invoked command in '/home/pbdq/roarm_ws/build/roarm_moveit_ikfast_plugins' returned '0': CMAKE_PREFIX_PATH=${CMAKE_PREFIX_PATH}:/home/pbdq/roarm_ws/install/roarm_bringup:/home/pbdq/roarm_ws/install/sirius_reader:/home/pbdq/roarm_ws/install/roarm_driver:/home/pbdq/roarm_ws/install/ik_solver:/opt/ros/humble /usr/bin/cmake /home/pbdq/roarm_ws/src/roarm_moveit_ikfast_plugins -DAMENT_CMAKE_SYMLINK_INSTALL=1 -DCMAKE_INSTALL_PREFIX=/home/pbdq/roarm_ws/install/roarm_moveit_ikfast_plugins
[1.393s] Invoking command in '/home/pbdq/roarm_ws/build/roarm_moveit_ikfast_plugins': CMAKE_PREFIX_PATH=${CMAKE_PREFIX_PATH}:/home/pbdq/roarm_ws/install/roarm_bringup:/home/pbdq/roarm_ws/install/sirius_reader:/home/pbdq/roarm_ws/install/roarm_driver:/home/pbdq/roarm_ws/install/ik_solver:/opt/ros/humble /usr/bin/cmake --build /home/pbdq/roarm_ws/build/roarm_moveit_ikfast_plugins -- -j12 -l12
[1.433s] [ 50%] [32mBuilding CXX object CMakeFiles/roarm_description_hand_moveit_ikfast_plugin.dir/src/roarm_description_hand_ikfast_moveit_plugin.cpp.o[0m
[6.630s] [100%] [32m[1mLinking CXX shared library libroarm_description_hand_moveit_ikfast_plugin.so[0m
[6.813s] [100%] Built target roarm_description_hand_moveit_ikfast_plugin
[6.821s] Invoked command in '/home/pbdq/roarm_ws/build/roarm_moveit_ikfast_plugins' returned '0': CMAKE_PREFIX_PATH=${CMAKE_PREFIX_PATH}:/home/pbdq/roarm_ws/install/roarm_bringup:/home/pbdq/roarm_ws/install/sirius_reader:/home/pbdq/roarm_ws/install/roarm_driver:/home/pbdq/roarm_ws/install/ik_solver:/opt/ros/humble /usr/bin/cmake --build /home/pbdq/roarm_ws/build/roarm_moveit_ikfast_plugins -- -j12 -l12
[6.822s] Invoking command in '/home/pbdq/roarm_ws/build/roarm_moveit_ikfast_plugins': CMAKE_PREFIX_PATH=${CMAKE_PREFIX_PATH}:/home/pbdq/roarm_ws/install/roarm_bringup:/home/pbdq/roarm_ws/install/sirius_reader:/home/pbdq/roarm_ws/install/roarm_driver:/home/pbdq/roarm_ws/install/ik_solver:/opt/ros/humble /usr/bin/cmake --install /home/pbdq/roarm_ws/build/roarm_moveit_ikfast_plugins
[6.828s] -- Install configuration: ""
[6.829s] -- Execute custom install script
[6.829s] -- Symlinking: /home/pbdq/roarm_ws/install/roarm_moveit_ikfast_plugins/share/roarm_moveit_ikfast_plugins//roarm_description_hand_moveit_ikfast_plugin_description.xml
[6.836s] -- Symlinking: /home/pbdq/roarm_ws/install/roarm_moveit_ikfast_plugins/share/roarm_moveit_ikfast_plugins/environment/library_path.sh
[6.843s] -- Symlinking: /home/pbdq/roarm_ws/install/roarm_moveit_ikfast_plugins/share/roarm_moveit_ikfast_plugins/environment/library_path.dsv
[6.850s] -- Symlinking: /home/pbdq/roarm_ws/install/roarm_moveit_ikfast_plugins/share/ament_index/resource_index/package_run_dependencies/roarm_moveit_ikfast_plugins
[6.857s] -- Symlinking: /home/pbdq/roarm_ws/install/roarm_moveit_ikfast_plugins/share/ament_index/resource_index/parent_prefix_path/roarm_moveit_ikfast_plugins
[6.863s] -- Symlinking: /home/pbdq/roarm_ws/install/roarm_moveit_ikfast_plugins/share/roarm_moveit_ikfast_plugins/environment/ament_prefix_path.sh
[6.868s] -- Symlinking: /home/pbdq/roarm_ws/install/roarm_moveit_ikfast_plugins/share/roarm_moveit_ikfast_plugins/environment/ament_prefix_path.dsv
[6.875s] -- Symlinking: /home/pbdq/roarm_ws/install/roarm_moveit_ikfast_plugins/share/roarm_moveit_ikfast_plugins/environment/path.sh
[6.880s] -- Symlinking: /home/pbdq/roarm_ws/install/roarm_moveit_ikfast_plugins/share/roarm_moveit_ikfast_plugins/environment/path.dsv
[6.888s] -- Symlinking: /home/pbdq/roarm_ws/install/roarm_moveit_ikfast_plugins/share/roarm_moveit_ikfast_plugins/local_setup.bash
[6.893s] -- Symlinking: /home/pbdq/roarm_ws/install/roarm_moveit_ikfast_plugins/share/roarm_moveit_ikfast_plugins/local_setup.sh
[6.900s] -- Symlinking: /home/pbdq/roarm_ws/install/roarm_moveit_ikfast_plugins/share/roarm_moveit_ikfast_plugins/local_setup.zsh
[6.904s] -- Symlinking: /home/pbdq/roarm_ws/install/roarm_moveit_ikfast_plugins/share/roarm_moveit_ikfast_plugins/local_setup.dsv
[6.912s] -- Symlinking: /home/pbdq/roarm_ws/install/roarm_moveit_ikfast_plugins/share/roarm_moveit_ikfast_plugins/package.dsv
[6.917s] -- Symlinking: /home/pbdq/roarm_ws/install/roarm_moveit_ikfast_plugins/share/ament_index/resource_index/packages/roarm_moveit_ikfast_plugins
[6.922s] -- Symlinking: /home/pbdq/roarm_ws/install/roarm_moveit_ikfast_plugins/share/ament_index/resource_index/moveit_core__pluginlib__plugin/roarm_moveit_ikfast_plugins
[6.928s] -- Symlinking: /home/pbdq/roarm_ws/install/roarm_moveit_ikfast_plugins/share/roarm_moveit_ikfast_plugins/cmake/ament_cmake_export_targets-extras.cmake
[6.935s] -- Symlinking: /home/pbdq/roarm_ws/install/roarm_moveit_ikfast_plugins/share/roarm_moveit_ikfast_plugins/cmake/ament_cmake_export_dependencies-extras.cmake
[6.940s] -- Symlinking: /home/pbdq/roarm_ws/install/roarm_moveit_ikfast_plugins/share/roarm_moveit_ikfast_plugins/cmake/roarm_moveit_ikfast_pluginsConfig.cmake
[6.947s] -- Symlinking: /home/pbdq/roarm_ws/install/roarm_moveit_ikfast_plugins/share/roarm_moveit_ikfast_plugins/cmake/roarm_moveit_ikfast_pluginsConfig-version.cmake
[6.953s] -- Symlinking: /home/pbdq/roarm_ws/install/roarm_moveit_ikfast_plugins/share/roarm_moveit_ikfast_plugins/package.xml
[6.959s] -- Installing: /home/pbdq/roarm_ws/install/roarm_moveit_ikfast_plugins/lib/libroarm_description_hand_moveit_ikfast_plugin.so
[6.960s] -- Set runtime path of "/home/pbdq/roarm_ws/install/roarm_moveit_ikfast_plugins/lib/libroarm_description_hand_moveit_ikfast_plugin.so" to ""
[6.960s] -- Installing: /home/pbdq/roarm_ws/install/roarm_moveit_ikfast_plugins/share/roarm_moveit_ikfast_plugins/cmake/export_roarm_moveit_ikfast_pluginsExport.cmake
[6.960s] -- Installing: /home/pbdq/roarm_ws/install/roarm_moveit_ikfast_plugins/share/roarm_moveit_ikfast_plugins/cmake/export_roarm_moveit_ikfast_pluginsExport-noconfig.cmake
[6.962s] Invoked command in '/home/pbdq/roarm_ws/build/roarm_moveit_ikfast_plugins' returned '0': CMAKE_PREFIX_PATH=${CMAKE_PREFIX_PATH}:/home/pbdq/roarm_ws/install/roarm_bringup:/home/pbdq/roarm_ws/install/sirius_reader:/home/pbdq/roarm_ws/install/roarm_driver:/home/pbdq/roarm_ws/install/ik_solver:/opt/ros/humble /usr/bin/cmake --install /home/pbdq/roarm_ws/build/roarm_moveit_ikfast_plugins
