running develop
running egg_info
creating roarm_bringup.egg-info
writing roarm_bringup.egg-info/PKG-INFO
writing dependency_links to roarm_bringup.egg-info/dependency_links.txt
writing entry points to roarm_bringup.egg-info/entry_points.txt
writing requirements to roarm_bringup.egg-info/requires.txt
writing top-level names to roarm_bringup.egg-info/top_level.txt
writing manifest file 'roarm_bringup.egg-info/SOURCES.txt'
reading manifest file 'roarm_bringup.egg-info/SOURCES.txt'
writing manifest file 'roarm_bringup.egg-info/SOURCES.txt'
running build_ext
Creating /home/pbdq/roarm_ws/install/roarm_bringup/lib/python3.10/site-packages/roarm-bringup.egg-link (link to .)

Installed /home/pbdq/roarm_ws/build/roarm_bringup
running symlink_data
creating /home/pbdq/roarm_ws/install/roarm_bringup/share/ament_index
creating /home/pbdq/roarm_ws/install/roarm_bringup/share/ament_index/resource_index
creating /home/pbdq/roarm_ws/install/roarm_bringup/share/ament_index/resource_index/packages
symbolically linking /home/pbdq/roarm_ws/build/roarm_bringup/resource/roarm_bringup -> /home/pbdq/roarm_ws/install/roarm_bringup/share/ament_index/resource_index/packages
symbolically linking /home/pbdq/roarm_ws/build/roarm_bringup/package.xml -> /home/pbdq/roarm_ws/install/roarm_bringup/share/roarm_bringup
symbolically linking /home/pbdq/roarm_ws/build/roarm_bringup/README.md -> /home/pbdq/roarm_ws/install/roarm_bringup/share/roarm_bringup
creating /home/pbdq/roarm_ws/install/roarm_bringup/share/roarm_bringup/launch
symbolically linking /home/pbdq/roarm_ws/build/roarm_bringup/launch/bringup.launch.py -> /home/pbdq/roarm_ws/install/roarm_bringup/share/roarm_bringup/launch
