[0.366s] Invoking command in '/home/pbdq/roarm_ws/build/roarm_bringup': AMENT_PREFIX_PATH=/home/pbdq/roarm_ws/install/sirius_reader:/home/pbdq/roarm_ws/install/roarm_driver:/home/pbdq/roarm_ws/install/ik_solver:/home/pbdq/roarm_ws/install/roarm_bringup:/home/pbdq/roarm_ws/install/roarm_moveit_ikfast_plugins:/home/pbdq/roarm_ws/install/roarm_moveit:/home/pbdq/roarm_ws/install/roarm_description:/opt/ros/humble CMAKE_PREFIX_PATH=/home/pbdq/roarm_ws/install/roarm_moveit:/home/pbdq/roarm_ws/install/roarm_moveit_ikfast_plugins:/home/pbdq/roarm_ws/install/roarm_description LD_LIBRARY_PATH=/home/pbdq/roarm_ws/install/roarm_moveit/lib:/home/pbdq/roarm_ws/install/roarm_moveit_ikfast_plugins/lib:/usr/lib/x86_64-linux-gnu/gazebo-11/plugins:/opt/ros/humble/opt/rviz_ogre_vendor/lib:/opt/ros/humble/lib/x86_64-linux-gnu:/opt/ros/humble/lib PYTHONPATH=/home/pbdq/roarm_ws/build/roarm_bringup/prefix_override:/usr/lib/python3/dist-packages/colcon_core/task/python/colcon_distutils_commands:/home/pbdq/roarm_ws/install/roarm_bringup/lib/python3.10/site-packages:/home/pbdq/roarm_ws/build/sirius_reader:/home/pbdq/roarm_ws/install/sirius_reader/lib/python3.10/site-packages:/home/pbdq/roarm_ws/build/roarm_driver:/home/pbdq/roarm_ws/install/roarm_driver/lib/python3.10/site-packages:/home/pbdq/roarm_ws/build/ik_solver:/home/pbdq/roarm_ws/install/ik_solver/lib/python3.10/site-packages:/home/pbdq/roarm_ws/build/roarm_bringup:/home/pbdq/roarm_ws/install/roarm_bringup/lib/python3.10/site-packages:/home/pbdq/roarm_ws/install/roarm_moveit/local/lib/python3.10/dist-packages:/opt/ros/humble/lib/python3.10/site-packages:/opt/ros/humble/local/lib/python3.10/dist-packages /usr/bin/python3 -W ignore:setup.py install is deprecated -W ignore:easy_install command is deprecated setup.py develop --editable --build-directory /home/pbdq/roarm_ws/build/roarm_bringup/build --no-deps symlink_data
[0.518s] running develop
[0.609s] running egg_info
[0.609s] creating roarm_bringup.egg-info
[0.610s] writing roarm_bringup.egg-info/PKG-INFO
[0.610s] writing dependency_links to roarm_bringup.egg-info/dependency_links.txt
[0.610s] writing entry points to roarm_bringup.egg-info/entry_points.txt
[0.610s] writing requirements to roarm_bringup.egg-info/requires.txt
[0.610s] writing top-level names to roarm_bringup.egg-info/top_level.txt
[0.610s] writing manifest file 'roarm_bringup.egg-info/SOURCES.txt'
[0.611s] reading manifest file 'roarm_bringup.egg-info/SOURCES.txt'
[0.611s] writing manifest file 'roarm_bringup.egg-info/SOURCES.txt'
[0.612s] running build_ext
[0.612s] Creating /home/pbdq/roarm_ws/install/roarm_bringup/lib/python3.10/site-packages/roarm-bringup.egg-link (link to .)
[0.613s] 
[0.613s] Installed /home/pbdq/roarm_ws/build/roarm_bringup
[0.613s] running symlink_data
[0.613s] creating /home/pbdq/roarm_ws/install/roarm_bringup/share/ament_index
[0.613s] creating /home/pbdq/roarm_ws/install/roarm_bringup/share/ament_index/resource_index
[0.613s] creating /home/pbdq/roarm_ws/install/roarm_bringup/share/ament_index/resource_index/packages
[0.613s] symbolically linking /home/pbdq/roarm_ws/build/roarm_bringup/resource/roarm_bringup -> /home/pbdq/roarm_ws/install/roarm_bringup/share/ament_index/resource_index/packages
[0.613s] symbolically linking /home/pbdq/roarm_ws/build/roarm_bringup/package.xml -> /home/pbdq/roarm_ws/install/roarm_bringup/share/roarm_bringup
[0.613s] symbolically linking /home/pbdq/roarm_ws/build/roarm_bringup/README.md -> /home/pbdq/roarm_ws/install/roarm_bringup/share/roarm_bringup
[0.613s] creating /home/pbdq/roarm_ws/install/roarm_bringup/share/roarm_bringup/launch
[0.613s] symbolically linking /home/pbdq/roarm_ws/build/roarm_bringup/launch/bringup.launch.py -> /home/pbdq/roarm_ws/install/roarm_bringup/share/roarm_bringup/launch
[0.631s] Invoked command in '/home/pbdq/roarm_ws/build/roarm_bringup' returned '0': AMENT_PREFIX_PATH=/home/pbdq/roarm_ws/install/sirius_reader:/home/pbdq/roarm_ws/install/roarm_driver:/home/pbdq/roarm_ws/install/ik_solver:/home/pbdq/roarm_ws/install/roarm_bringup:/home/pbdq/roarm_ws/install/roarm_moveit_ikfast_plugins:/home/pbdq/roarm_ws/install/roarm_moveit:/home/pbdq/roarm_ws/install/roarm_description:/opt/ros/humble CMAKE_PREFIX_PATH=/home/pbdq/roarm_ws/install/roarm_moveit:/home/pbdq/roarm_ws/install/roarm_moveit_ikfast_plugins:/home/pbdq/roarm_ws/install/roarm_description LD_LIBRARY_PATH=/home/pbdq/roarm_ws/install/roarm_moveit/lib:/home/pbdq/roarm_ws/install/roarm_moveit_ikfast_plugins/lib:/usr/lib/x86_64-linux-gnu/gazebo-11/plugins:/opt/ros/humble/opt/rviz_ogre_vendor/lib:/opt/ros/humble/lib/x86_64-linux-gnu:/opt/ros/humble/lib PYTHONPATH=/home/pbdq/roarm_ws/build/roarm_bringup/prefix_override:/usr/lib/python3/dist-packages/colcon_core/task/python/colcon_distutils_commands:/home/pbdq/roarm_ws/install/roarm_bringup/lib/python3.10/site-packages:/home/pbdq/roarm_ws/build/sirius_reader:/home/pbdq/roarm_ws/install/sirius_reader/lib/python3.10/site-packages:/home/pbdq/roarm_ws/build/roarm_driver:/home/pbdq/roarm_ws/install/roarm_driver/lib/python3.10/site-packages:/home/pbdq/roarm_ws/build/ik_solver:/home/pbdq/roarm_ws/install/ik_solver/lib/python3.10/site-packages:/home/pbdq/roarm_ws/build/roarm_bringup:/home/pbdq/roarm_ws/install/roarm_bringup/lib/python3.10/site-packages:/home/pbdq/roarm_ws/install/roarm_moveit/local/lib/python3.10/dist-packages:/opt/ros/humble/lib/python3.10/site-packages:/opt/ros/humble/local/lib/python3.10/dist-packages /usr/bin/python3 -W ignore:setup.py install is deprecated -W ignore:easy_install command is deprecated setup.py develop --editable --build-directory /home/pbdq/roarm_ws/build/roarm_bringup/build --no-deps symlink_data
