[0.007s] Invoking command in '/home/pbdq/roarm_ws/build/roarm_description': CMAKE_PREFIX_PATH=${CMAKE_PREFIX_PATH}:/home/pbdq/roarm_ws/install/roarm_bringup:/home/pbdq/roarm_ws/install/sirius_reader:/home/pbdq/roarm_ws/install/roarm_driver:/home/pbdq/roarm_ws/install/ik_solver:/opt/ros/humble /usr/bin/cmake /home/pbdq/roarm_ws/src/roarm_description -DAMENT_CMAKE_SYMLINK_INSTALL=1 -DCMAKE_INSTALL_PREFIX=/home/pbdq/roarm_ws/install/roarm_description
[0.046s] -- The C compiler identification is GNU 11.4.0
[0.083s] -- The CXX compiler identification is GNU 11.4.0
[0.087s] -- Detecting C compiler ABI info
[0.137s] -- Detecting C compiler ABI info - done
[0.143s] -- Check for working C compiler: /usr/bin/cc - skipped
[0.143s] -- Detecting C compile features
[0.143s] -- Detecting C compile features - done
[0.145s] -- Detecting CXX compiler ABI info
[0.203s] -- Detecting CXX compiler ABI info - done
[0.211s] -- Check for working CXX compiler: /usr/bin/c++ - skipped
[0.211s] -- Detecting CXX compile features
[0.211s] -- Detecting CXX compile features - done
[0.214s] -- Found ament_cmake: 1.3.12 (/opt/ros/humble/share/ament_cmake/cmake)
[0.308s] -- Found Python3: /usr/bin/python3 (found version "3.10.12") found components: Interpreter 
[0.347s] -- Override CMake install command with custom implementation using symlinks instead of copying resources
[0.363s] -- Found ament_lint_auto: 0.12.14 (/opt/ros/humble/share/ament_lint_auto/cmake)
[0.423s] -- Added test 'flake8' to check Python code syntax and style conventions
[0.423s] -- Added test 'lint_cmake' to check CMake code style
[0.423s] -- Added test 'pep257' to check Python code against some of the docstring style conventions in PEP 257
[0.424s] -- Added test 'xmllint' to check XML markup files
[0.425s] -- Configuring done
[0.426s] -- Generating done
[0.427s] -- Build files have been written to: /home/pbdq/roarm_ws/build/roarm_description
[0.430s] Invoked command in '/home/pbdq/roarm_ws/build/roarm_description' returned '0': CMAKE_PREFIX_PATH=${CMAKE_PREFIX_PATH}:/home/pbdq/roarm_ws/install/roarm_bringup:/home/pbdq/roarm_ws/install/sirius_reader:/home/pbdq/roarm_ws/install/roarm_driver:/home/pbdq/roarm_ws/install/ik_solver:/opt/ros/humble /usr/bin/cmake /home/pbdq/roarm_ws/src/roarm_description -DAMENT_CMAKE_SYMLINK_INSTALL=1 -DCMAKE_INSTALL_PREFIX=/home/pbdq/roarm_ws/install/roarm_description
[0.432s] Invoking command in '/home/pbdq/roarm_ws/build/roarm_description': CMAKE_PREFIX_PATH=${CMAKE_PREFIX_PATH}:/home/pbdq/roarm_ws/install/roarm_bringup:/home/pbdq/roarm_ws/install/sirius_reader:/home/pbdq/roarm_ws/install/roarm_driver:/home/pbdq/roarm_ws/install/ik_solver:/opt/ros/humble /usr/bin/cmake --build /home/pbdq/roarm_ws/build/roarm_description -- -j12 -l12
[0.460s] Invoked command in '/home/pbdq/roarm_ws/build/roarm_description' returned '0': CMAKE_PREFIX_PATH=${CMAKE_PREFIX_PATH}:/home/pbdq/roarm_ws/install/roarm_bringup:/home/pbdq/roarm_ws/install/sirius_reader:/home/pbdq/roarm_ws/install/roarm_driver:/home/pbdq/roarm_ws/install/ik_solver:/opt/ros/humble /usr/bin/cmake --build /home/pbdq/roarm_ws/build/roarm_description -- -j12 -l12
[0.468s] Invoking command in '/home/pbdq/roarm_ws/build/roarm_description': CMAKE_PREFIX_PATH=${CMAKE_PREFIX_PATH}:/home/pbdq/roarm_ws/install/roarm_bringup:/home/pbdq/roarm_ws/install/sirius_reader:/home/pbdq/roarm_ws/install/roarm_driver:/home/pbdq/roarm_ws/install/ik_solver:/opt/ros/humble /usr/bin/cmake --install /home/pbdq/roarm_ws/build/roarm_description
[0.473s] -- Install configuration: ""
[0.473s] -- Execute custom install script
[0.473s] -- Symlinking: /home/pbdq/roarm_ws/install/roarm_description/share/roarm_description/config/joint_names_roarm.yaml
[0.480s] -- Symlinking: /home/pbdq/roarm_ws/install/roarm_description/share/roarm_description/config/roarm_description.rviz
[0.486s] -- Symlinking: /home/pbdq/roarm_ws/install/roarm_description/share/roarm_description/launch/display.launch.py
[0.491s] -- Symlinking: /home/pbdq/roarm_ws/install/roarm_description/share/roarm_description/meshes/base_link.STL
[0.497s] -- Symlinking: /home/pbdq/roarm_ws/install/roarm_description/share/roarm_description/meshes/gripper_link.STL
[0.504s] -- Symlinking: /home/pbdq/roarm_ws/install/roarm_description/share/roarm_description/meshes/link1.STL
[0.511s] -- Symlinking: /home/pbdq/roarm_ws/install/roarm_description/share/roarm_description/meshes/link2.STL
[0.517s] -- Symlinking: /home/pbdq/roarm_ws/install/roarm_description/share/roarm_description/meshes/link3.STL
[0.522s] -- Symlinking: /home/pbdq/roarm_ws/install/roarm_description/share/roarm_description/meshes/meshes/base_link.STL
[0.529s] -- Symlinking: /home/pbdq/roarm_ws/install/roarm_description/share/roarm_description/meshes/meshes/gripper_link.STL
[0.535s] -- Symlinking: /home/pbdq/roarm_ws/install/roarm_description/share/roarm_description/meshes/meshes/link1.STL
[0.542s] -- Symlinking: /home/pbdq/roarm_ws/install/roarm_description/share/roarm_description/meshes/meshes/link2.STL
[0.547s] -- Symlinking: /home/pbdq/roarm_ws/install/roarm_description/share/roarm_description/meshes/meshes/link3.STL
[0.554s] -- Symlinking: /home/pbdq/roarm_ws/install/roarm_description/share/roarm_description/meshes/roarm_description.urdf
[0.561s] -- Symlinking: /home/pbdq/roarm_ws/install/roarm_description/share/roarm_description/meshes/roarm_description.xml
[0.566s] -- Symlinking: /home/pbdq/roarm_ws/install/roarm_description/share/roarm_description/urdf/roarm_description.csv
[0.571s] -- Symlinking: /home/pbdq/roarm_ws/install/roarm_description/share/roarm_description/urdf/roarm_description.txt
[0.578s] -- Symlinking: /home/pbdq/roarm_ws/install/roarm_description/share/roarm_description/urdf/roarm_description.urdf
[0.584s] -- Symlinking: /home/pbdq/roarm_ws/install/roarm_description/share/roarm_description/urdf/roarm_description_web_app.urdf
[0.591s] -- Symlinking: /home/pbdq/roarm_ws/install/roarm_description/share/ament_index/resource_index/package_run_dependencies/roarm_description
[0.596s] -- Symlinking: /home/pbdq/roarm_ws/install/roarm_description/share/ament_index/resource_index/parent_prefix_path/roarm_description
[0.603s] -- Symlinking: /home/pbdq/roarm_ws/install/roarm_description/share/roarm_description/environment/ament_prefix_path.sh
[0.608s] -- Symlinking: /home/pbdq/roarm_ws/install/roarm_description/share/roarm_description/environment/ament_prefix_path.dsv
[0.614s] -- Symlinking: /home/pbdq/roarm_ws/install/roarm_description/share/roarm_description/environment/path.sh
[0.620s] -- Symlinking: /home/pbdq/roarm_ws/install/roarm_description/share/roarm_description/environment/path.dsv
[0.626s] -- Symlinking: /home/pbdq/roarm_ws/install/roarm_description/share/roarm_description/local_setup.bash
[0.632s] -- Symlinking: /home/pbdq/roarm_ws/install/roarm_description/share/roarm_description/local_setup.sh
[0.639s] -- Symlinking: /home/pbdq/roarm_ws/install/roarm_description/share/roarm_description/local_setup.zsh
[0.644s] -- Symlinking: /home/pbdq/roarm_ws/install/roarm_description/share/roarm_description/local_setup.dsv
[0.650s] -- Symlinking: /home/pbdq/roarm_ws/install/roarm_description/share/roarm_description/package.dsv
[0.655s] -- Symlinking: /home/pbdq/roarm_ws/install/roarm_description/share/ament_index/resource_index/packages/roarm_description
[0.661s] -- Symlinking: /home/pbdq/roarm_ws/install/roarm_description/share/roarm_description/cmake/roarm_descriptionConfig.cmake
[0.667s] -- Symlinking: /home/pbdq/roarm_ws/install/roarm_description/share/roarm_description/cmake/roarm_descriptionConfig-version.cmake
[0.672s] -- Symlinking: /home/pbdq/roarm_ws/install/roarm_description/share/roarm_description/package.xml
[0.679s] Invoked command in '/home/pbdq/roarm_ws/build/roarm_description' returned '0': CMAKE_PREFIX_PATH=${CMAKE_PREFIX_PATH}:/home/pbdq/roarm_ws/install/roarm_bringup:/home/pbdq/roarm_ws/install/sirius_reader:/home/pbdq/roarm_ws/install/roarm_driver:/home/pbdq/roarm_ws/install/ik_solver:/opt/ros/humble /usr/bin/cmake --install /home/pbdq/roarm_ws/build/roarm_description
