running develop
running egg_info
creating roarm_driver.egg-info
writing roarm_driver.egg-info/PKG-INFO
writing dependency_links to roarm_driver.egg-info/dependency_links.txt
writing entry points to roarm_driver.egg-info/entry_points.txt
writing requirements to roarm_driver.egg-info/requires.txt
writing top-level names to roarm_driver.egg-info/top_level.txt
writing manifest file 'roarm_driver.egg-info/SOURCES.txt'
reading manifest file 'roarm_driver.egg-info/SOURCES.txt'
writing manifest file 'roarm_driver.egg-info/SOURCES.txt'
running build_ext
Creating /home/pbdq/roarm_ws/install/roarm_driver/lib/python3.10/site-packages/roarm-driver.egg-link (link to .)
Installing roarm_driver script to /home/pbdq/roarm_ws/install/roarm_driver/lib/roarm_driver

Installed /home/pbdq/roarm_ws/build/roarm_driver
running symlink_data
creating /home/pbdq/roarm_ws/install/roarm_driver/share/ament_index
creating /home/pbdq/roarm_ws/install/roarm_driver/share/ament_index/resource_index
creating /home/pbdq/roarm_ws/install/roarm_driver/share/ament_index/resource_index/packages
symbolically linking /home/pbdq/roarm_ws/build/roarm_driver/resource/roarm_driver -> /home/pbdq/roarm_ws/install/roarm_driver/share/ament_index/resource_index/packages
symbolically linking /home/pbdq/roarm_ws/build/roarm_driver/package.xml -> /home/pbdq/roarm_ws/install/roarm_driver/share/roarm_driver
creating /home/pbdq/roarm_ws/install/roarm_driver/share/roarm_driver/launch
symbolically linking /home/pbdq/roarm_ws/build/roarm_driver/launch/demo.launch.py -> /home/pbdq/roarm_ws/install/roarm_driver/share/roarm_driver/launch
