[0.357s] Invoking command in '/home/pbdq/roarm_ws/build/roarm_driver': PYTHONPATH=/home/pbdq/roarm_ws/build/roarm_driver/prefix_override:/usr/lib/python3/dist-packages/colcon_core/task/python/colcon_distutils_commands:/home/pbdq/roarm_ws/install/roarm_driver/lib/python3.10/site-packages:${PYTHONPATH} /usr/bin/python3 -W ignore:setup.py install is deprecated -W ignore:easy_install command is deprecated setup.py develop --editable --build-directory /home/pbdq/roarm_ws/build/roarm_driver/build --no-deps symlink_data
[0.505s] running develop
[0.595s] running egg_info
[0.595s] creating roarm_driver.egg-info
[0.595s] writing roarm_driver.egg-info/PKG-INFO
[0.595s] writing dependency_links to roarm_driver.egg-info/dependency_links.txt
[0.595s] writing entry points to roarm_driver.egg-info/entry_points.txt
[0.595s] writing requirements to roarm_driver.egg-info/requires.txt
[0.595s] writing top-level names to roarm_driver.egg-info/top_level.txt
[0.596s] writing manifest file 'roarm_driver.egg-info/SOURCES.txt'
[0.596s] reading manifest file 'roarm_driver.egg-info/SOURCES.txt'
[0.597s] writing manifest file 'roarm_driver.egg-info/SOURCES.txt'
[0.597s] running build_ext
[0.597s] Creating /home/pbdq/roarm_ws/install/roarm_driver/lib/python3.10/site-packages/roarm-driver.egg-link (link to .)
[0.598s] Installing roarm_driver script to /home/pbdq/roarm_ws/install/roarm_driver/lib/roarm_driver
[0.598s] 
[0.598s] Installed /home/pbdq/roarm_ws/build/roarm_driver
[0.598s] running symlink_data
[0.598s] creating /home/pbdq/roarm_ws/install/roarm_driver/share/ament_index
[0.598s] creating /home/pbdq/roarm_ws/install/roarm_driver/share/ament_index/resource_index
[0.598s] creating /home/pbdq/roarm_ws/install/roarm_driver/share/ament_index/resource_index/packages
[0.598s] symbolically linking /home/pbdq/roarm_ws/build/roarm_driver/resource/roarm_driver -> /home/pbdq/roarm_ws/install/roarm_driver/share/ament_index/resource_index/packages
[0.598s] symbolically linking /home/pbdq/roarm_ws/build/roarm_driver/package.xml -> /home/pbdq/roarm_ws/install/roarm_driver/share/roarm_driver
[0.598s] creating /home/pbdq/roarm_ws/install/roarm_driver/share/roarm_driver/launch
[0.598s] symbolically linking /home/pbdq/roarm_ws/build/roarm_driver/launch/demo.launch.py -> /home/pbdq/roarm_ws/install/roarm_driver/share/roarm_driver/launch
[0.614s] Invoked command in '/home/pbdq/roarm_ws/build/roarm_driver' returned '0': PYTHONPATH=/home/pbdq/roarm_ws/build/roarm_driver/prefix_override:/usr/lib/python3/dist-packages/colcon_core/task/python/colcon_distutils_commands:/home/pbdq/roarm_ws/install/roarm_driver/lib/python3.10/site-packages:${PYTHONPATH} /usr/bin/python3 -W ignore:setup.py install is deprecated -W ignore:easy_install command is deprecated setup.py develop --editable --build-directory /home/pbdq/roarm_ws/build/roarm_driver/build --no-deps symlink_data
