[0.060s] DEBUG:colcon:Command line arguments: ['/usr/bin/colcon', 'build', '--symlink-install', '--parallel-workers', '1']
[0.060s] DEBUG:colcon:Parsed command line arguments: Namespace(log_base=None, log_level=None, verb_name='build', build_base='build', install_base='install', merge_install=False, symlink_install=True, test_result_base=None, continue_on_error=False, executor='parallel', parallel_workers=1, event_handlers=None, ignore_user_meta=False, metas=['./colcon.meta'], base_paths=['.'], packages_ignore=None, packages_ignore_regex=None, paths=None, packages_up_to=None, packages_up_to_regex=None, packages_above=None, packages_above_and_dependencies=None, packages_above_depth=None, packages_select_by_dep=None, packages_skip_by_dep=None, packages_skip_up_to=None, packages_select_build_failed=False, packages_skip_build_finished=False, packages_select_test_failures=False, packages_skip_test_passed=False, packages_select=None, packages_skip=None, packages_select_regex=None, packages_skip_regex=None, packages_start=None, packages_end=None, allow_overriding=[], cmake_args=None, cmake_target=None, cmake_target_skip_unavailable=False, cmake_clean_cache=False, cmake_clean_first=False, cmake_force_configure=False, ament_cmake_args=None, catkin_cmake_args=None, catkin_skip_building_tests=False, mixin_files=None, mixin=None, verb_parser=<colcon_mixin.mixin.mixin_argument.MixinArgumentDecorator object at 0x7694bcc43eb0>, verb_extension=<colcon_core.verb.build.BuildVerb object at 0x7694bcc43010>, main=<bound method BuildVerb.main of <colcon_core.verb.build.BuildVerb object at 0x7694bcc43010>>, mixin_verb=('build',))
[0.147s] Level 1:colcon.colcon_core.package_discovery:discover_packages(colcon_meta) check parameters
[0.147s] Level 1:colcon.colcon_core.package_discovery:discover_packages(recursive) check parameters
[0.147s] Level 1:colcon.colcon_core.package_discovery:discover_packages(ignore) check parameters
[0.147s] Level 1:colcon.colcon_core.package_discovery:discover_packages(path) check parameters
[0.147s] Level 1:colcon.colcon_core.package_discovery:discover_packages(colcon_meta) discover
[0.147s] Level 1:colcon.colcon_core.package_discovery:discover_packages(recursive) discover
[0.147s] INFO:colcon.colcon_core.package_discovery:Crawling recursively for packages in '/home/pbdq/roarm_ws'
[0.148s] Level 1:colcon.colcon_core.package_identification:_identify(.) by extensions ['ignore', 'ignore_ament_install']
[0.148s] Level 1:colcon.colcon_core.package_identification:_identify(.) by extension 'ignore'
[0.148s] Level 1:colcon.colcon_core.package_identification:_identify(.) by extension 'ignore_ament_install'
[0.148s] Level 1:colcon.colcon_core.package_identification:_identify(.) by extensions ['colcon_pkg']
[0.148s] Level 1:colcon.colcon_core.package_identification:_identify(.) by extension 'colcon_pkg'
[0.148s] Level 1:colcon.colcon_core.package_identification:_identify(.) by extensions ['colcon_meta']
[0.148s] Level 1:colcon.colcon_core.package_identification:_identify(.) by extension 'colcon_meta'
[0.148s] Level 1:colcon.colcon_core.package_identification:_identify(.) by extensions ['ros']
[0.148s] Level 1:colcon.colcon_core.package_identification:_identify(.) by extension 'ros'
[0.169s] Level 1:colcon.colcon_core.package_identification:_identify(.) by extensions ['cmake', 'python']
[0.169s] Level 1:colcon.colcon_core.package_identification:_identify(.) by extension 'cmake'
[0.169s] Level 1:colcon.colcon_core.package_identification:_identify(.) by extension 'python'
[0.169s] Level 1:colcon.colcon_core.package_identification:_identify(.) by extensions ['python_setup_py']
[0.169s] Level 1:colcon.colcon_core.package_identification:_identify(.) by extension 'python_setup_py'
[0.169s] Level 1:colcon.colcon_core.package_identification:_identify(build) by extensions ['ignore', 'ignore_ament_install']
[0.169s] Level 1:colcon.colcon_core.package_identification:_identify(build) by extension 'ignore'
[0.169s] Level 1:colcon.colcon_core.package_identification:_identify(build) ignored
[0.169s] Level 1:colcon.colcon_core.package_identification:_identify(install) by extensions ['ignore', 'ignore_ament_install']
[0.169s] Level 1:colcon.colcon_core.package_identification:_identify(install) by extension 'ignore'
[0.169s] Level 1:colcon.colcon_core.package_identification:_identify(install) ignored
[0.169s] Level 1:colcon.colcon_core.package_identification:_identify(log) by extensions ['ignore', 'ignore_ament_install']
[0.169s] Level 1:colcon.colcon_core.package_identification:_identify(log) by extension 'ignore'
[0.169s] Level 1:colcon.colcon_core.package_identification:_identify(log) ignored
[0.169s] Level 1:colcon.colcon_core.package_identification:_identify(src) by extensions ['ignore', 'ignore_ament_install']
[0.169s] Level 1:colcon.colcon_core.package_identification:_identify(src) by extension 'ignore'
[0.169s] Level 1:colcon.colcon_core.package_identification:_identify(src) by extension 'ignore_ament_install'
[0.169s] Level 1:colcon.colcon_core.package_identification:_identify(src) by extensions ['colcon_pkg']
[0.169s] Level 1:colcon.colcon_core.package_identification:_identify(src) by extension 'colcon_pkg'
[0.169s] Level 1:colcon.colcon_core.package_identification:_identify(src) by extensions ['colcon_meta']
[0.169s] Level 1:colcon.colcon_core.package_identification:_identify(src) by extension 'colcon_meta'
[0.170s] Level 1:colcon.colcon_core.package_identification:_identify(src) by extensions ['ros']
[0.170s] Level 1:colcon.colcon_core.package_identification:_identify(src) by extension 'ros'
[0.170s] Level 1:colcon.colcon_core.package_identification:_identify(src) by extensions ['cmake', 'python']
[0.170s] Level 1:colcon.colcon_core.package_identification:_identify(src) by extension 'cmake'
[0.170s] Level 1:colcon.colcon_core.package_identification:_identify(src) by extension 'python'
[0.170s] Level 1:colcon.colcon_core.package_identification:_identify(src) by extensions ['python_setup_py']
[0.170s] Level 1:colcon.colcon_core.package_identification:_identify(src) by extension 'python_setup_py'
[0.170s] Level 1:colcon.colcon_core.package_identification:_identify(src/ik_solver) by extensions ['ignore', 'ignore_ament_install']
[0.170s] Level 1:colcon.colcon_core.package_identification:_identify(src/ik_solver) by extension 'ignore'
[0.170s] Level 1:colcon.colcon_core.package_identification:_identify(src/ik_solver) by extension 'ignore_ament_install'
[0.170s] Level 1:colcon.colcon_core.package_identification:_identify(src/ik_solver) by extensions ['colcon_pkg']
[0.170s] Level 1:colcon.colcon_core.package_identification:_identify(src/ik_solver) by extension 'colcon_pkg'
[0.170s] Level 1:colcon.colcon_core.package_identification:_identify(src/ik_solver) by extensions ['colcon_meta']
[0.170s] Level 1:colcon.colcon_core.package_identification:_identify(src/ik_solver) by extension 'colcon_meta'
[0.170s] Level 1:colcon.colcon_core.package_identification:_identify(src/ik_solver) by extensions ['ros']
[0.170s] Level 1:colcon.colcon_core.package_identification:_identify(src/ik_solver) by extension 'ros'
[0.171s] DEBUG:colcon.colcon_core.package_identification:Package 'src/ik_solver' with type 'ros.ament_python' and name 'ik_solver'
[0.172s] Level 1:colcon.colcon_core.package_identification:_identify(src/roarm_bringup) by extensions ['ignore', 'ignore_ament_install']
[0.172s] Level 1:colcon.colcon_core.package_identification:_identify(src/roarm_bringup) by extension 'ignore'
[0.172s] Level 1:colcon.colcon_core.package_identification:_identify(src/roarm_bringup) by extension 'ignore_ament_install'
[0.172s] Level 1:colcon.colcon_core.package_identification:_identify(src/roarm_bringup) by extensions ['colcon_pkg']
[0.172s] Level 1:colcon.colcon_core.package_identification:_identify(src/roarm_bringup) by extension 'colcon_pkg'
[0.172s] Level 1:colcon.colcon_core.package_identification:_identify(src/roarm_bringup) by extensions ['colcon_meta']
[0.172s] Level 1:colcon.colcon_core.package_identification:_identify(src/roarm_bringup) by extension 'colcon_meta'
[0.172s] Level 1:colcon.colcon_core.package_identification:_identify(src/roarm_bringup) by extensions ['ros']
[0.172s] Level 1:colcon.colcon_core.package_identification:_identify(src/roarm_bringup) by extension 'ros'
[0.172s] DEBUG:colcon.colcon_core.package_identification:Package 'src/roarm_bringup' with type 'ros.ament_python' and name 'roarm_bringup'
[0.172s] Level 1:colcon.colcon_core.package_identification:_identify(src/roarm_description) by extensions ['ignore', 'ignore_ament_install']
[0.172s] Level 1:colcon.colcon_core.package_identification:_identify(src/roarm_description) by extension 'ignore'
[0.173s] Level 1:colcon.colcon_core.package_identification:_identify(src/roarm_description) by extension 'ignore_ament_install'
[0.173s] Level 1:colcon.colcon_core.package_identification:_identify(src/roarm_description) by extensions ['colcon_pkg']
[0.173s] Level 1:colcon.colcon_core.package_identification:_identify(src/roarm_description) by extension 'colcon_pkg'
[0.173s] Level 1:colcon.colcon_core.package_identification:_identify(src/roarm_description) by extensions ['colcon_meta']
[0.173s] Level 1:colcon.colcon_core.package_identification:_identify(src/roarm_description) by extension 'colcon_meta'
[0.173s] Level 1:colcon.colcon_core.package_identification:_identify(src/roarm_description) by extensions ['ros']
[0.173s] Level 1:colcon.colcon_core.package_identification:_identify(src/roarm_description) by extension 'ros'
[0.173s] DEBUG:colcon.colcon_core.package_identification:Package 'src/roarm_description' with type 'ros.ament_cmake' and name 'roarm_description'
[0.173s] Level 1:colcon.colcon_core.package_identification:_identify(src/roarm_driver) by extensions ['ignore', 'ignore_ament_install']
[0.173s] Level 1:colcon.colcon_core.package_identification:_identify(src/roarm_driver) by extension 'ignore'
[0.173s] Level 1:colcon.colcon_core.package_identification:_identify(src/roarm_driver) by extension 'ignore_ament_install'
[0.173s] Level 1:colcon.colcon_core.package_identification:_identify(src/roarm_driver) by extensions ['colcon_pkg']
[0.173s] Level 1:colcon.colcon_core.package_identification:_identify(src/roarm_driver) by extension 'colcon_pkg'
[0.173s] Level 1:colcon.colcon_core.package_identification:_identify(src/roarm_driver) by extensions ['colcon_meta']
[0.173s] Level 1:colcon.colcon_core.package_identification:_identify(src/roarm_driver) by extension 'colcon_meta'
[0.173s] Level 1:colcon.colcon_core.package_identification:_identify(src/roarm_driver) by extensions ['ros']
[0.173s] Level 1:colcon.colcon_core.package_identification:_identify(src/roarm_driver) by extension 'ros'
[0.174s] DEBUG:colcon.colcon_core.package_identification:Package 'src/roarm_driver' with type 'ros.ament_python' and name 'roarm_driver'
[0.174s] Level 1:colcon.colcon_core.package_identification:_identify(src/roarm_moveit) by extensions ['ignore', 'ignore_ament_install']
[0.174s] Level 1:colcon.colcon_core.package_identification:_identify(src/roarm_moveit) by extension 'ignore'
[0.174s] Level 1:colcon.colcon_core.package_identification:_identify(src/roarm_moveit) by extension 'ignore_ament_install'
[0.174s] Level 1:colcon.colcon_core.package_identification:_identify(src/roarm_moveit) by extensions ['colcon_pkg']
[0.174s] Level 1:colcon.colcon_core.package_identification:_identify(src/roarm_moveit) by extension 'colcon_pkg'
[0.174s] Level 1:colcon.colcon_core.package_identification:_identify(src/roarm_moveit) by extensions ['colcon_meta']
[0.174s] Level 1:colcon.colcon_core.package_identification:_identify(src/roarm_moveit) by extension 'colcon_meta'
[0.174s] Level 1:colcon.colcon_core.package_identification:_identify(src/roarm_moveit) by extensions ['ros']
[0.174s] Level 1:colcon.colcon_core.package_identification:_identify(src/roarm_moveit) by extension 'ros'
[0.174s] DEBUG:colcon.colcon_core.package_identification:Package 'src/roarm_moveit' with type 'ros.ament_cmake' and name 'roarm_moveit'
[0.175s] Level 1:colcon.colcon_core.package_identification:_identify(src/roarm_moveit_ikfast_plugins) by extensions ['ignore', 'ignore_ament_install']
[0.175s] Level 1:colcon.colcon_core.package_identification:_identify(src/roarm_moveit_ikfast_plugins) by extension 'ignore'
[0.175s] Level 1:colcon.colcon_core.package_identification:_identify(src/roarm_moveit_ikfast_plugins) by extension 'ignore_ament_install'
[0.175s] Level 1:colcon.colcon_core.package_identification:_identify(src/roarm_moveit_ikfast_plugins) by extensions ['colcon_pkg']
[0.175s] Level 1:colcon.colcon_core.package_identification:_identify(src/roarm_moveit_ikfast_plugins) by extension 'colcon_pkg'
[0.175s] Level 1:colcon.colcon_core.package_identification:_identify(src/roarm_moveit_ikfast_plugins) by extensions ['colcon_meta']
[0.175s] Level 1:colcon.colcon_core.package_identification:_identify(src/roarm_moveit_ikfast_plugins) by extension 'colcon_meta'
[0.175s] Level 1:colcon.colcon_core.package_identification:_identify(src/roarm_moveit_ikfast_plugins) by extensions ['ros']
[0.175s] Level 1:colcon.colcon_core.package_identification:_identify(src/roarm_moveit_ikfast_plugins) by extension 'ros'
[0.175s] DEBUG:colcon.colcon_core.package_identification:Package 'src/roarm_moveit_ikfast_plugins' with type 'ros.ament_cmake' and name 'roarm_moveit_ikfast_plugins'
[0.175s] Level 1:colcon.colcon_core.package_identification:_identify(src/sirius_reader) by extensions ['ignore', 'ignore_ament_install']
[0.175s] Level 1:colcon.colcon_core.package_identification:_identify(src/sirius_reader) by extension 'ignore'
[0.175s] Level 1:colcon.colcon_core.package_identification:_identify(src/sirius_reader) by extension 'ignore_ament_install'
[0.175s] Level 1:colcon.colcon_core.package_identification:_identify(src/sirius_reader) by extensions ['colcon_pkg']
[0.175s] Level 1:colcon.colcon_core.package_identification:_identify(src/sirius_reader) by extension 'colcon_pkg'
[0.175s] Level 1:colcon.colcon_core.package_identification:_identify(src/sirius_reader) by extensions ['colcon_meta']
[0.175s] Level 1:colcon.colcon_core.package_identification:_identify(src/sirius_reader) by extension 'colcon_meta'
[0.175s] Level 1:colcon.colcon_core.package_identification:_identify(src/sirius_reader) by extensions ['ros']
[0.175s] Level 1:colcon.colcon_core.package_identification:_identify(src/sirius_reader) by extension 'ros'
[0.176s] DEBUG:colcon.colcon_core.package_identification:Package 'src/sirius_reader' with type 'ros.ament_python' and name 'sirius_reader'
[0.176s] Level 1:colcon.colcon_core.package_discovery:discover_packages(recursive) using defaults
[0.176s] Level 1:colcon.colcon_core.package_discovery:discover_packages(ignore) discover
[0.176s] Level 1:colcon.colcon_core.package_discovery:discover_packages(ignore) using defaults
[0.176s] Level 1:colcon.colcon_core.package_discovery:discover_packages(path) discover
[0.176s] Level 1:colcon.colcon_core.package_discovery:discover_packages(path) using defaults
[0.189s] Level 1:colcon.colcon_core.package_discovery:discover_packages(prefix_path) check parameters
[0.189s] Level 1:colcon.colcon_core.package_discovery:discover_packages(prefix_path) discover
[0.189s] WARNING:colcon.colcon_ros.prefix_path.ament:The path '/home/pbdq/roarm_ws/install/roarm_bringup' in the environment variable AMENT_PREFIX_PATH doesn't exist
[0.189s] WARNING:colcon.colcon_ros.prefix_path.ament:The path '/home/pbdq/roarm_ws/install/sirius_reader' in the environment variable AMENT_PREFIX_PATH doesn't exist
[0.189s] WARNING:colcon.colcon_ros.prefix_path.ament:The path '/home/pbdq/roarm_ws/install/roarm_moveit_ikfast_plugins' in the environment variable AMENT_PREFIX_PATH doesn't exist
[0.189s] WARNING:colcon.colcon_ros.prefix_path.ament:The path '/home/pbdq/roarm_ws/install/roarm_moveit' in the environment variable AMENT_PREFIX_PATH doesn't exist
[0.189s] WARNING:colcon.colcon_ros.prefix_path.ament:The path '/home/pbdq/roarm_ws/install/roarm_driver' in the environment variable AMENT_PREFIX_PATH doesn't exist
[0.189s] WARNING:colcon.colcon_ros.prefix_path.ament:The path '/home/pbdq/roarm_ws/install/roarm_description' in the environment variable AMENT_PREFIX_PATH doesn't exist
[0.189s] WARNING:colcon.colcon_ros.prefix_path.ament:The path '/home/pbdq/roarm_ws/install/ik_solver' in the environment variable AMENT_PREFIX_PATH doesn't exist
[0.189s] WARNING:colcon.colcon_ros.prefix_path.catkin:The path '/home/pbdq/roarm_ws/install/roarm_moveit_ikfast_plugins' in the environment variable CMAKE_PREFIX_PATH doesn't exist
[0.189s] WARNING:colcon.colcon_ros.prefix_path.catkin:The path '/home/pbdq/roarm_ws/install/roarm_moveit' in the environment variable CMAKE_PREFIX_PATH doesn't exist
[0.189s] WARNING:colcon.colcon_ros.prefix_path.catkin:The path '/home/pbdq/roarm_ws/install/roarm_description' in the environment variable CMAKE_PREFIX_PATH doesn't exist
[0.190s] DEBUG:colcon.colcon_installed_package_information.package_discovery:Found 0 installed packages in /home/pbdq/roarm_ws/install
[0.191s] DEBUG:colcon.colcon_installed_package_information.package_discovery:Found 381 installed packages in /opt/ros/humble
[0.192s] Level 1:colcon.colcon_core.package_discovery:discover_packages(prefix_path) using defaults
[0.216s] Level 5:colcon.colcon_core.verb:set package 'ik_solver' build argument 'cmake_args' from command line to 'None'
[0.216s] Level 5:colcon.colcon_core.verb:set package 'ik_solver' build argument 'cmake_target' from command line to 'None'
[0.216s] Level 5:colcon.colcon_core.verb:set package 'ik_solver' build argument 'cmake_target_skip_unavailable' from command line to 'False'
[0.216s] Level 5:colcon.colcon_core.verb:set package 'ik_solver' build argument 'cmake_clean_cache' from command line to 'False'
[0.216s] Level 5:colcon.colcon_core.verb:set package 'ik_solver' build argument 'cmake_clean_first' from command line to 'False'
[0.216s] Level 5:colcon.colcon_core.verb:set package 'ik_solver' build argument 'cmake_force_configure' from command line to 'False'
[0.216s] Level 5:colcon.colcon_core.verb:set package 'ik_solver' build argument 'ament_cmake_args' from command line to 'None'
[0.216s] Level 5:colcon.colcon_core.verb:set package 'ik_solver' build argument 'catkin_cmake_args' from command line to 'None'
[0.216s] Level 5:colcon.colcon_core.verb:set package 'ik_solver' build argument 'catkin_skip_building_tests' from command line to 'False'
[0.216s] DEBUG:colcon.colcon_core.verb:Building package 'ik_solver' with the following arguments: {'ament_cmake_args': None, 'build_base': '/home/pbdq/roarm_ws/build/ik_solver', 'catkin_cmake_args': None, 'catkin_skip_building_tests': False, 'cmake_args': None, 'cmake_clean_cache': False, 'cmake_clean_first': False, 'cmake_force_configure': False, 'cmake_target': None, 'cmake_target_skip_unavailable': False, 'install_base': '/home/pbdq/roarm_ws/install/ik_solver', 'merge_install': False, 'path': '/home/pbdq/roarm_ws/src/ik_solver', 'symlink_install': True, 'test_result_base': None}
[0.216s] Level 5:colcon.colcon_core.verb:set package 'roarm_description' build argument 'cmake_args' from command line to 'None'
[0.216s] Level 5:colcon.colcon_core.verb:set package 'roarm_description' build argument 'cmake_target' from command line to 'None'
[0.216s] Level 5:colcon.colcon_core.verb:set package 'roarm_description' build argument 'cmake_target_skip_unavailable' from command line to 'False'
[0.216s] Level 5:colcon.colcon_core.verb:set package 'roarm_description' build argument 'cmake_clean_cache' from command line to 'False'
[0.216s] Level 5:colcon.colcon_core.verb:set package 'roarm_description' build argument 'cmake_clean_first' from command line to 'False'
[0.216s] Level 5:colcon.colcon_core.verb:set package 'roarm_description' build argument 'cmake_force_configure' from command line to 'False'
[0.216s] Level 5:colcon.colcon_core.verb:set package 'roarm_description' build argument 'ament_cmake_args' from command line to 'None'
[0.216s] Level 5:colcon.colcon_core.verb:set package 'roarm_description' build argument 'catkin_cmake_args' from command line to 'None'
[0.216s] Level 5:colcon.colcon_core.verb:set package 'roarm_description' build argument 'catkin_skip_building_tests' from command line to 'False'
[0.216s] DEBUG:colcon.colcon_core.verb:Building package 'roarm_description' with the following arguments: {'ament_cmake_args': None, 'build_base': '/home/pbdq/roarm_ws/build/roarm_description', 'catkin_cmake_args': None, 'catkin_skip_building_tests': False, 'cmake_args': None, 'cmake_clean_cache': False, 'cmake_clean_first': False, 'cmake_force_configure': False, 'cmake_target': None, 'cmake_target_skip_unavailable': False, 'install_base': '/home/pbdq/roarm_ws/install/roarm_description', 'merge_install': False, 'path': '/home/pbdq/roarm_ws/src/roarm_description', 'symlink_install': True, 'test_result_base': None}
[0.217s] Level 5:colcon.colcon_core.verb:set package 'roarm_driver' build argument 'cmake_args' from command line to 'None'
[0.217s] Level 5:colcon.colcon_core.verb:set package 'roarm_driver' build argument 'cmake_target' from command line to 'None'
[0.217s] Level 5:colcon.colcon_core.verb:set package 'roarm_driver' build argument 'cmake_target_skip_unavailable' from command line to 'False'
[0.217s] Level 5:colcon.colcon_core.verb:set package 'roarm_driver' build argument 'cmake_clean_cache' from command line to 'False'
[0.217s] Level 5:colcon.colcon_core.verb:set package 'roarm_driver' build argument 'cmake_clean_first' from command line to 'False'
[0.217s] Level 5:colcon.colcon_core.verb:set package 'roarm_driver' build argument 'cmake_force_configure' from command line to 'False'
[0.217s] Level 5:colcon.colcon_core.verb:set package 'roarm_driver' build argument 'ament_cmake_args' from command line to 'None'
[0.217s] Level 5:colcon.colcon_core.verb:set package 'roarm_driver' build argument 'catkin_cmake_args' from command line to 'None'
[0.217s] Level 5:colcon.colcon_core.verb:set package 'roarm_driver' build argument 'catkin_skip_building_tests' from command line to 'False'
[0.217s] DEBUG:colcon.colcon_core.verb:Building package 'roarm_driver' with the following arguments: {'ament_cmake_args': None, 'build_base': '/home/pbdq/roarm_ws/build/roarm_driver', 'catkin_cmake_args': None, 'catkin_skip_building_tests': False, 'cmake_args': None, 'cmake_clean_cache': False, 'cmake_clean_first': False, 'cmake_force_configure': False, 'cmake_target': None, 'cmake_target_skip_unavailable': False, 'install_base': '/home/pbdq/roarm_ws/install/roarm_driver', 'merge_install': False, 'path': '/home/pbdq/roarm_ws/src/roarm_driver', 'symlink_install': True, 'test_result_base': None}
[0.217s] Level 5:colcon.colcon_core.verb:set package 'roarm_moveit_ikfast_plugins' build argument 'cmake_args' from command line to 'None'
[0.217s] Level 5:colcon.colcon_core.verb:set package 'roarm_moveit_ikfast_plugins' build argument 'cmake_target' from command line to 'None'
[0.217s] Level 5:colcon.colcon_core.verb:set package 'roarm_moveit_ikfast_plugins' build argument 'cmake_target_skip_unavailable' from command line to 'False'
[0.217s] Level 5:colcon.colcon_core.verb:set package 'roarm_moveit_ikfast_plugins' build argument 'cmake_clean_cache' from command line to 'False'
[0.217s] Level 5:colcon.colcon_core.verb:set package 'roarm_moveit_ikfast_plugins' build argument 'cmake_clean_first' from command line to 'False'
[0.217s] Level 5:colcon.colcon_core.verb:set package 'roarm_moveit_ikfast_plugins' build argument 'cmake_force_configure' from command line to 'False'
[0.217s] Level 5:colcon.colcon_core.verb:set package 'roarm_moveit_ikfast_plugins' build argument 'ament_cmake_args' from command line to 'None'
[0.217s] Level 5:colcon.colcon_core.verb:set package 'roarm_moveit_ikfast_plugins' build argument 'catkin_cmake_args' from command line to 'None'
[0.217s] Level 5:colcon.colcon_core.verb:set package 'roarm_moveit_ikfast_plugins' build argument 'catkin_skip_building_tests' from command line to 'False'
[0.217s] DEBUG:colcon.colcon_core.verb:Building package 'roarm_moveit_ikfast_plugins' with the following arguments: {'ament_cmake_args': None, 'build_base': '/home/pbdq/roarm_ws/build/roarm_moveit_ikfast_plugins', 'catkin_cmake_args': None, 'catkin_skip_building_tests': False, 'cmake_args': None, 'cmake_clean_cache': False, 'cmake_clean_first': False, 'cmake_force_configure': False, 'cmake_target': None, 'cmake_target_skip_unavailable': False, 'install_base': '/home/pbdq/roarm_ws/install/roarm_moveit_ikfast_plugins', 'merge_install': False, 'path': '/home/pbdq/roarm_ws/src/roarm_moveit_ikfast_plugins', 'symlink_install': True, 'test_result_base': None}
[0.217s] Level 5:colcon.colcon_core.verb:set package 'sirius_reader' build argument 'cmake_args' from command line to 'None'
[0.217s] Level 5:colcon.colcon_core.verb:set package 'sirius_reader' build argument 'cmake_target' from command line to 'None'
[0.217s] Level 5:colcon.colcon_core.verb:set package 'sirius_reader' build argument 'cmake_target_skip_unavailable' from command line to 'False'
[0.217s] Level 5:colcon.colcon_core.verb:set package 'sirius_reader' build argument 'cmake_clean_cache' from command line to 'False'
[0.217s] Level 5:colcon.colcon_core.verb:set package 'sirius_reader' build argument 'cmake_clean_first' from command line to 'False'
[0.217s] Level 5:colcon.colcon_core.verb:set package 'sirius_reader' build argument 'cmake_force_configure' from command line to 'False'
[0.217s] Level 5:colcon.colcon_core.verb:set package 'sirius_reader' build argument 'ament_cmake_args' from command line to 'None'
[0.217s] Level 5:colcon.colcon_core.verb:set package 'sirius_reader' build argument 'catkin_cmake_args' from command line to 'None'
[0.217s] Level 5:colcon.colcon_core.verb:set package 'sirius_reader' build argument 'catkin_skip_building_tests' from command line to 'False'
[0.217s] DEBUG:colcon.colcon_core.verb:Building package 'sirius_reader' with the following arguments: {'ament_cmake_args': None, 'build_base': '/home/pbdq/roarm_ws/build/sirius_reader', 'catkin_cmake_args': None, 'catkin_skip_building_tests': False, 'cmake_args': None, 'cmake_clean_cache': False, 'cmake_clean_first': False, 'cmake_force_configure': False, 'cmake_target': None, 'cmake_target_skip_unavailable': False, 'install_base': '/home/pbdq/roarm_ws/install/sirius_reader', 'merge_install': False, 'path': '/home/pbdq/roarm_ws/src/sirius_reader', 'symlink_install': True, 'test_result_base': None}
[0.217s] Level 5:colcon.colcon_core.verb:set package 'roarm_moveit' build argument 'cmake_args' from command line to 'None'
[0.217s] Level 5:colcon.colcon_core.verb:set package 'roarm_moveit' build argument 'cmake_target' from command line to 'None'
[0.217s] Level 5:colcon.colcon_core.verb:set package 'roarm_moveit' build argument 'cmake_target_skip_unavailable' from command line to 'False'
[0.218s] Level 5:colcon.colcon_core.verb:set package 'roarm_moveit' build argument 'cmake_clean_cache' from command line to 'False'
[0.218s] Level 5:colcon.colcon_core.verb:set package 'roarm_moveit' build argument 'cmake_clean_first' from command line to 'False'
[0.218s] Level 5:colcon.colcon_core.verb:set package 'roarm_moveit' build argument 'cmake_force_configure' from command line to 'False'
[0.218s] Level 5:colcon.colcon_core.verb:set package 'roarm_moveit' build argument 'ament_cmake_args' from command line to 'None'
[0.218s] Level 5:colcon.colcon_core.verb:set package 'roarm_moveit' build argument 'catkin_cmake_args' from command line to 'None'
[0.218s] Level 5:colcon.colcon_core.verb:set package 'roarm_moveit' build argument 'catkin_skip_building_tests' from command line to 'False'
[0.218s] DEBUG:colcon.colcon_core.verb:Building package 'roarm_moveit' with the following arguments: {'ament_cmake_args': None, 'build_base': '/home/pbdq/roarm_ws/build/roarm_moveit', 'catkin_cmake_args': None, 'catkin_skip_building_tests': False, 'cmake_args': None, 'cmake_clean_cache': False, 'cmake_clean_first': False, 'cmake_force_configure': False, 'cmake_target': None, 'cmake_target_skip_unavailable': False, 'install_base': '/home/pbdq/roarm_ws/install/roarm_moveit', 'merge_install': False, 'path': '/home/pbdq/roarm_ws/src/roarm_moveit', 'symlink_install': True, 'test_result_base': None}
[0.218s] Level 5:colcon.colcon_core.verb:set package 'roarm_bringup' build argument 'cmake_args' from command line to 'None'
[0.218s] Level 5:colcon.colcon_core.verb:set package 'roarm_bringup' build argument 'cmake_target' from command line to 'None'
[0.218s] Level 5:colcon.colcon_core.verb:set package 'roarm_bringup' build argument 'cmake_target_skip_unavailable' from command line to 'False'
[0.218s] Level 5:colcon.colcon_core.verb:set package 'roarm_bringup' build argument 'cmake_clean_cache' from command line to 'False'
[0.218s] Level 5:colcon.colcon_core.verb:set package 'roarm_bringup' build argument 'cmake_clean_first' from command line to 'False'
[0.218s] Level 5:colcon.colcon_core.verb:set package 'roarm_bringup' build argument 'cmake_force_configure' from command line to 'False'
[0.218s] Level 5:colcon.colcon_core.verb:set package 'roarm_bringup' build argument 'ament_cmake_args' from command line to 'None'
[0.218s] Level 5:colcon.colcon_core.verb:set package 'roarm_bringup' build argument 'catkin_cmake_args' from command line to 'None'
[0.218s] Level 5:colcon.colcon_core.verb:set package 'roarm_bringup' build argument 'catkin_skip_building_tests' from command line to 'False'
[0.218s] DEBUG:colcon.colcon_core.verb:Building package 'roarm_bringup' with the following arguments: {'ament_cmake_args': None, 'build_base': '/home/pbdq/roarm_ws/build/roarm_bringup', 'catkin_cmake_args': None, 'catkin_skip_building_tests': False, 'cmake_args': None, 'cmake_clean_cache': False, 'cmake_clean_first': False, 'cmake_force_configure': False, 'cmake_target': None, 'cmake_target_skip_unavailable': False, 'install_base': '/home/pbdq/roarm_ws/install/roarm_bringup', 'merge_install': False, 'path': '/home/pbdq/roarm_ws/src/roarm_bringup', 'symlink_install': True, 'test_result_base': None}
[0.218s] INFO:colcon.colcon_core.executor:Executing jobs using 'parallel' executor
[0.219s] DEBUG:colcon.colcon_parallel_executor.executor.parallel:run_until_complete
[0.219s] INFO:colcon.colcon_ros.task.ament_cmake.build:Building ROS package in '/home/pbdq/roarm_ws/src/roarm_description' with build type 'ament_cmake'
[0.219s] INFO:colcon.colcon_cmake.task.cmake.build:Building CMake package in '/home/pbdq/roarm_ws/src/roarm_description'
[0.220s] INFO:colcon.colcon_core.plugin_system:Skipping extension 'colcon_core.shell.bat': Not used on non-Windows systems
[0.220s] INFO:colcon.colcon_core.shell:Skip shell extension 'powershell' for command environment: Not usable outside of PowerShell
[0.220s] DEBUG:colcon.colcon_core.shell:Skip shell extension 'dsv' for command environment
[0.226s] DEBUG:colcon.colcon_core.event_handler.log_command:Invoking command in '/home/pbdq/roarm_ws/build/roarm_description': CMAKE_PREFIX_PATH=${CMAKE_PREFIX_PATH}:/home/pbdq/roarm_ws/install/roarm_bringup:/home/pbdq/roarm_ws/install/sirius_reader:/home/pbdq/roarm_ws/install/roarm_driver:/home/pbdq/roarm_ws/install/ik_solver:/opt/ros/humble /usr/bin/cmake /home/pbdq/roarm_ws/src/roarm_description -DAMENT_CMAKE_SYMLINK_INSTALL=1 -DCMAKE_INSTALL_PREFIX=/home/pbdq/roarm_ws/install/roarm_description
[0.650s] DEBUG:colcon.colcon_core.event_handler.log_command:Invoked command in '/home/pbdq/roarm_ws/build/roarm_description' returned '0': CMAKE_PREFIX_PATH=${CMAKE_PREFIX_PATH}:/home/pbdq/roarm_ws/install/roarm_bringup:/home/pbdq/roarm_ws/install/sirius_reader:/home/pbdq/roarm_ws/install/roarm_driver:/home/pbdq/roarm_ws/install/ik_solver:/opt/ros/humble /usr/bin/cmake /home/pbdq/roarm_ws/src/roarm_description -DAMENT_CMAKE_SYMLINK_INSTALL=1 -DCMAKE_INSTALL_PREFIX=/home/pbdq/roarm_ws/install/roarm_description
[0.652s] DEBUG:colcon.colcon_core.event_handler.log_command:Invoking command in '/home/pbdq/roarm_ws/build/roarm_description': CMAKE_PREFIX_PATH=${CMAKE_PREFIX_PATH}:/home/pbdq/roarm_ws/install/roarm_bringup:/home/pbdq/roarm_ws/install/sirius_reader:/home/pbdq/roarm_ws/install/roarm_driver:/home/pbdq/roarm_ws/install/ik_solver:/opt/ros/humble /usr/bin/cmake --build /home/pbdq/roarm_ws/build/roarm_description -- -j12 -l12
[0.679s] DEBUG:colcon.colcon_core.event_handler.log_command:Invoked command in '/home/pbdq/roarm_ws/build/roarm_description' returned '0': CMAKE_PREFIX_PATH=${CMAKE_PREFIX_PATH}:/home/pbdq/roarm_ws/install/roarm_bringup:/home/pbdq/roarm_ws/install/sirius_reader:/home/pbdq/roarm_ws/install/roarm_driver:/home/pbdq/roarm_ws/install/ik_solver:/opt/ros/humble /usr/bin/cmake --build /home/pbdq/roarm_ws/build/roarm_description -- -j12 -l12
[0.687s] DEBUG:colcon.colcon_core.event_handler.log_command:Invoking command in '/home/pbdq/roarm_ws/build/roarm_description': CMAKE_PREFIX_PATH=${CMAKE_PREFIX_PATH}:/home/pbdq/roarm_ws/install/roarm_bringup:/home/pbdq/roarm_ws/install/sirius_reader:/home/pbdq/roarm_ws/install/roarm_driver:/home/pbdq/roarm_ws/install/ik_solver:/opt/ros/humble /usr/bin/cmake --install /home/pbdq/roarm_ws/build/roarm_description
[0.898s] Level 1:colcon.colcon_core.environment:create_environment_scripts_only(roarm_description)
[0.899s] DEBUG:colcon.colcon_core.event_handler.log_command:Invoked command in '/home/pbdq/roarm_ws/build/roarm_description' returned '0': CMAKE_PREFIX_PATH=${CMAKE_PREFIX_PATH}:/home/pbdq/roarm_ws/install/roarm_bringup:/home/pbdq/roarm_ws/install/sirius_reader:/home/pbdq/roarm_ws/install/roarm_driver:/home/pbdq/roarm_ws/install/ik_solver:/opt/ros/humble /usr/bin/cmake --install /home/pbdq/roarm_ws/build/roarm_description
[0.899s] Level 1:colcon.colcon_core.environment:checking '/home/pbdq/roarm_ws/install/roarm_description' for CMake module files
[0.900s] Level 1:colcon.colcon_core.environment:checking '/home/pbdq/roarm_ws/install/roarm_description' for CMake config files
[0.900s] Level 1:colcon.colcon_core.shell:create_environment_hook('roarm_description', 'cmake_prefix_path')
[0.900s] INFO:colcon.colcon_core.shell:Creating environment hook '/home/pbdq/roarm_ws/install/roarm_description/share/roarm_description/hook/cmake_prefix_path.ps1'
[0.900s] INFO:colcon.colcon_core.shell:Creating environment descriptor '/home/pbdq/roarm_ws/install/roarm_description/share/roarm_description/hook/cmake_prefix_path.dsv'
[0.901s] INFO:colcon.colcon_core.shell:Creating environment hook '/home/pbdq/roarm_ws/install/roarm_description/share/roarm_description/hook/cmake_prefix_path.sh'
[0.901s] Level 1:colcon.colcon_core.environment:checking '/home/pbdq/roarm_ws/install/roarm_description/bin'
[0.901s] Level 1:colcon.colcon_core.environment:checking '/home/pbdq/roarm_ws/install/roarm_description/lib/pkgconfig/roarm_description.pc'
[0.901s] Level 1:colcon.colcon_core.environment:checking '/home/pbdq/roarm_ws/install/roarm_description/lib/python3.10/site-packages'
[0.901s] Level 1:colcon.colcon_core.environment:checking '/home/pbdq/roarm_ws/install/roarm_description/bin'
[0.901s] INFO:colcon.colcon_core.shell:Creating package script '/home/pbdq/roarm_ws/install/roarm_description/share/roarm_description/package.ps1'
[0.902s] INFO:colcon.colcon_core.shell:Creating package descriptor '/home/pbdq/roarm_ws/install/roarm_description/share/roarm_description/package.dsv'
[0.902s] INFO:colcon.colcon_core.shell:Creating package script '/home/pbdq/roarm_ws/install/roarm_description/share/roarm_description/package.sh'
[0.902s] INFO:colcon.colcon_core.shell:Creating package script '/home/pbdq/roarm_ws/install/roarm_description/share/roarm_description/package.bash'
[0.903s] INFO:colcon.colcon_core.shell:Creating package script '/home/pbdq/roarm_ws/install/roarm_description/share/roarm_description/package.zsh'
[0.903s] Level 1:colcon.colcon_core.environment:create_file_with_runtime_dependencies(/home/pbdq/roarm_ws/install/roarm_description/share/colcon-core/packages/roarm_description)
[0.903s] Level 1:colcon.colcon_core.environment:create_environment_scripts_only(roarm_description)
[0.904s] Level 1:colcon.colcon_core.environment:checking '/home/pbdq/roarm_ws/install/roarm_description' for CMake module files
[0.904s] Level 1:colcon.colcon_core.environment:checking '/home/pbdq/roarm_ws/install/roarm_description' for CMake config files
[0.904s] Level 1:colcon.colcon_core.shell:create_environment_hook('roarm_description', 'cmake_prefix_path')
[0.904s] INFO:colcon.colcon_core.shell:Creating environment hook '/home/pbdq/roarm_ws/install/roarm_description/share/roarm_description/hook/cmake_prefix_path.ps1'
[0.904s] INFO:colcon.colcon_core.shell:Creating environment descriptor '/home/pbdq/roarm_ws/install/roarm_description/share/roarm_description/hook/cmake_prefix_path.dsv'
[0.904s] INFO:colcon.colcon_core.shell:Creating environment hook '/home/pbdq/roarm_ws/install/roarm_description/share/roarm_description/hook/cmake_prefix_path.sh'
[0.905s] Level 1:colcon.colcon_core.environment:checking '/home/pbdq/roarm_ws/install/roarm_description/bin'
[0.905s] Level 1:colcon.colcon_core.environment:checking '/home/pbdq/roarm_ws/install/roarm_description/lib/pkgconfig/roarm_description.pc'
[0.905s] Level 1:colcon.colcon_core.environment:checking '/home/pbdq/roarm_ws/install/roarm_description/lib/python3.10/site-packages'
[0.905s] Level 1:colcon.colcon_core.environment:checking '/home/pbdq/roarm_ws/install/roarm_description/bin'
[0.905s] INFO:colcon.colcon_core.shell:Creating package script '/home/pbdq/roarm_ws/install/roarm_description/share/roarm_description/package.ps1'
[0.905s] INFO:colcon.colcon_core.shell:Creating package descriptor '/home/pbdq/roarm_ws/install/roarm_description/share/roarm_description/package.dsv'
[0.906s] INFO:colcon.colcon_core.shell:Creating package script '/home/pbdq/roarm_ws/install/roarm_description/share/roarm_description/package.sh'
[0.906s] INFO:colcon.colcon_core.shell:Creating package script '/home/pbdq/roarm_ws/install/roarm_description/share/roarm_description/package.bash'
[0.906s] INFO:colcon.colcon_core.shell:Creating package script '/home/pbdq/roarm_ws/install/roarm_description/share/roarm_description/package.zsh'
[0.906s] Level 1:colcon.colcon_core.environment:create_file_with_runtime_dependencies(/home/pbdq/roarm_ws/install/roarm_description/share/colcon-core/packages/roarm_description)
[0.906s] INFO:colcon.colcon_ros.task.ament_python.build:Building ROS package in '/home/pbdq/roarm_ws/src/ik_solver' with build type 'ament_python'
[0.907s] Level 1:colcon.colcon_core.shell:create_environment_hook('ik_solver', 'ament_prefix_path')
[0.907s] INFO:colcon.colcon_core.shell:Creating environment hook '/home/pbdq/roarm_ws/install/ik_solver/share/ik_solver/hook/ament_prefix_path.ps1'
[0.907s] INFO:colcon.colcon_core.shell:Creating environment descriptor '/home/pbdq/roarm_ws/install/ik_solver/share/ik_solver/hook/ament_prefix_path.dsv'
[0.907s] INFO:colcon.colcon_core.shell:Creating environment hook '/home/pbdq/roarm_ws/install/ik_solver/share/ik_solver/hook/ament_prefix_path.sh'
[0.908s] INFO:colcon.colcon_core.shell:Skip shell extension 'powershell' for command environment: Not usable outside of PowerShell
[0.908s] DEBUG:colcon.colcon_core.shell:Skip shell extension 'dsv' for command environment
[1.055s] INFO:colcon.colcon_core.task.python.build:Building Python package in '/home/pbdq/roarm_ws/src/ik_solver'
[1.056s] INFO:colcon.colcon_core.shell:Skip shell extension 'powershell' for command environment: Not usable outside of PowerShell
[1.056s] DEBUG:colcon.colcon_core.shell:Skip shell extension 'dsv' for command environment
[1.263s] DEBUG:colcon.colcon_core.event_handler.log_command:Invoking command in '/home/pbdq/roarm_ws/build/ik_solver': PYTHONPATH=/home/pbdq/roarm_ws/build/ik_solver/prefix_override:/usr/lib/python3/dist-packages/colcon_core/task/python/colcon_distutils_commands:/home/pbdq/roarm_ws/install/ik_solver/lib/python3.10/site-packages:${PYTHONPATH} /usr/bin/python3 -W ignore:setup.py install is deprecated -W ignore:easy_install command is deprecated setup.py develop --editable --build-directory /home/pbdq/roarm_ws/build/ik_solver/build --no-deps symlink_data
[1.509s] Level 1:colcon.colcon_core.shell:create_environment_hook('ik_solver', 'pythonpath_develop')
[1.509s] INFO:colcon.colcon_core.shell:Creating environment hook '/home/pbdq/roarm_ws/build/ik_solver/share/ik_solver/hook/pythonpath_develop.ps1'
[1.510s] DEBUG:colcon.colcon_core.event_handler.log_command:Invoked command in '/home/pbdq/roarm_ws/build/ik_solver' returned '0': PYTHONPATH=/home/pbdq/roarm_ws/build/ik_solver/prefix_override:/usr/lib/python3/dist-packages/colcon_core/task/python/colcon_distutils_commands:/home/pbdq/roarm_ws/install/ik_solver/lib/python3.10/site-packages:${PYTHONPATH} /usr/bin/python3 -W ignore:setup.py install is deprecated -W ignore:easy_install command is deprecated setup.py develop --editable --build-directory /home/pbdq/roarm_ws/build/ik_solver/build --no-deps symlink_data
[1.510s] INFO:colcon.colcon_core.shell:Creating environment descriptor '/home/pbdq/roarm_ws/build/ik_solver/share/ik_solver/hook/pythonpath_develop.dsv'
[1.510s] INFO:colcon.colcon_core.shell:Creating environment hook '/home/pbdq/roarm_ws/build/ik_solver/share/ik_solver/hook/pythonpath_develop.sh'
[1.511s] Level 1:colcon.colcon_core.environment:checking '/home/pbdq/roarm_ws/install/ik_solver' for CMake module files
[1.511s] Level 1:colcon.colcon_core.environment:checking '/home/pbdq/roarm_ws/install/ik_solver' for CMake config files
[1.512s] Level 1:colcon.colcon_core.environment:checking '/home/pbdq/roarm_ws/install/ik_solver/lib'
[1.512s] Level 1:colcon.colcon_core.environment:checking '/home/pbdq/roarm_ws/install/ik_solver/bin'
[1.512s] Level 1:colcon.colcon_core.environment:checking '/home/pbdq/roarm_ws/install/ik_solver/lib/pkgconfig/ik_solver.pc'
[1.512s] Level 1:colcon.colcon_core.environment:checking '/home/pbdq/roarm_ws/install/ik_solver/lib/python3.10/site-packages'
[1.512s] Level 1:colcon.colcon_core.shell:create_environment_hook('ik_solver', 'pythonpath')
[1.513s] INFO:colcon.colcon_core.shell:Creating environment hook '/home/pbdq/roarm_ws/install/ik_solver/share/ik_solver/hook/pythonpath.ps1'
[1.513s] INFO:colcon.colcon_core.shell:Creating environment descriptor '/home/pbdq/roarm_ws/install/ik_solver/share/ik_solver/hook/pythonpath.dsv'
[1.513s] INFO:colcon.colcon_core.shell:Creating environment hook '/home/pbdq/roarm_ws/install/ik_solver/share/ik_solver/hook/pythonpath.sh'
[1.514s] Level 1:colcon.colcon_core.environment:checking '/home/pbdq/roarm_ws/install/ik_solver/bin'
[1.514s] Level 1:colcon.colcon_core.environment:create_environment_scripts_only(ik_solver)
[1.514s] INFO:colcon.colcon_core.shell:Creating package script '/home/pbdq/roarm_ws/install/ik_solver/share/ik_solver/package.ps1'
[1.514s] INFO:colcon.colcon_core.shell:Creating package descriptor '/home/pbdq/roarm_ws/install/ik_solver/share/ik_solver/package.dsv'
[1.515s] INFO:colcon.colcon_core.shell:Creating package script '/home/pbdq/roarm_ws/install/ik_solver/share/ik_solver/package.sh'
[1.515s] INFO:colcon.colcon_core.shell:Creating package script '/home/pbdq/roarm_ws/install/ik_solver/share/ik_solver/package.bash'
[1.516s] INFO:colcon.colcon_core.shell:Creating package script '/home/pbdq/roarm_ws/install/ik_solver/share/ik_solver/package.zsh'
[1.516s] Level 1:colcon.colcon_core.environment:create_file_with_runtime_dependencies(/home/pbdq/roarm_ws/install/ik_solver/share/colcon-core/packages/ik_solver)
[1.516s] INFO:colcon.colcon_ros.task.ament_python.build:Building ROS package in '/home/pbdq/roarm_ws/src/roarm_driver' with build type 'ament_python'
[1.516s] Level 1:colcon.colcon_core.shell:create_environment_hook('roarm_driver', 'ament_prefix_path')
[1.517s] INFO:colcon.colcon_core.shell:Creating environment hook '/home/pbdq/roarm_ws/install/roarm_driver/share/roarm_driver/hook/ament_prefix_path.ps1'
[1.517s] INFO:colcon.colcon_core.shell:Creating environment descriptor '/home/pbdq/roarm_ws/install/roarm_driver/share/roarm_driver/hook/ament_prefix_path.dsv'
[1.518s] INFO:colcon.colcon_core.shell:Creating environment hook '/home/pbdq/roarm_ws/install/roarm_driver/share/roarm_driver/hook/ament_prefix_path.sh'
[1.518s] INFO:colcon.colcon_core.shell:Skip shell extension 'powershell' for command environment: Not usable outside of PowerShell
[1.518s] DEBUG:colcon.colcon_core.shell:Skip shell extension 'dsv' for command environment
[1.668s] INFO:colcon.colcon_core.task.python.build:Building Python package in '/home/pbdq/roarm_ws/src/roarm_driver'
[1.669s] INFO:colcon.colcon_core.shell:Skip shell extension 'powershell' for command environment: Not usable outside of PowerShell
[1.669s] DEBUG:colcon.colcon_core.shell:Skip shell extension 'dsv' for command environment
[1.874s] DEBUG:colcon.colcon_core.event_handler.log_command:Invoking command in '/home/pbdq/roarm_ws/build/roarm_driver': PYTHONPATH=/home/pbdq/roarm_ws/build/roarm_driver/prefix_override:/usr/lib/python3/dist-packages/colcon_core/task/python/colcon_distutils_commands:/home/pbdq/roarm_ws/install/roarm_driver/lib/python3.10/site-packages:${PYTHONPATH} /usr/bin/python3 -W ignore:setup.py install is deprecated -W ignore:easy_install command is deprecated setup.py develop --editable --build-directory /home/pbdq/roarm_ws/build/roarm_driver/build --no-deps symlink_data
[2.131s] Level 1:colcon.colcon_core.shell:create_environment_hook('roarm_driver', 'pythonpath_develop')
[2.131s] INFO:colcon.colcon_core.shell:Creating environment hook '/home/pbdq/roarm_ws/build/roarm_driver/share/roarm_driver/hook/pythonpath_develop.ps1'
[2.132s] DEBUG:colcon.colcon_core.event_handler.log_command:Invoked command in '/home/pbdq/roarm_ws/build/roarm_driver' returned '0': PYTHONPATH=/home/pbdq/roarm_ws/build/roarm_driver/prefix_override:/usr/lib/python3/dist-packages/colcon_core/task/python/colcon_distutils_commands:/home/pbdq/roarm_ws/install/roarm_driver/lib/python3.10/site-packages:${PYTHONPATH} /usr/bin/python3 -W ignore:setup.py install is deprecated -W ignore:easy_install command is deprecated setup.py develop --editable --build-directory /home/pbdq/roarm_ws/build/roarm_driver/build --no-deps symlink_data
[2.132s] INFO:colcon.colcon_core.shell:Creating environment descriptor '/home/pbdq/roarm_ws/build/roarm_driver/share/roarm_driver/hook/pythonpath_develop.dsv'
[2.132s] INFO:colcon.colcon_core.shell:Creating environment hook '/home/pbdq/roarm_ws/build/roarm_driver/share/roarm_driver/hook/pythonpath_develop.sh'
[2.133s] Level 1:colcon.colcon_core.environment:checking '/home/pbdq/roarm_ws/install/roarm_driver' for CMake module files
[2.133s] Level 1:colcon.colcon_core.environment:checking '/home/pbdq/roarm_ws/install/roarm_driver' for CMake config files
[2.134s] Level 1:colcon.colcon_core.environment:checking '/home/pbdq/roarm_ws/install/roarm_driver/lib'
[2.134s] Level 1:colcon.colcon_core.environment:checking '/home/pbdq/roarm_ws/install/roarm_driver/bin'
[2.134s] Level 1:colcon.colcon_core.environment:checking '/home/pbdq/roarm_ws/install/roarm_driver/lib/pkgconfig/roarm_driver.pc'
[2.134s] Level 1:colcon.colcon_core.environment:checking '/home/pbdq/roarm_ws/install/roarm_driver/lib/python3.10/site-packages'
[2.134s] Level 1:colcon.colcon_core.shell:create_environment_hook('roarm_driver', 'pythonpath')
[2.134s] INFO:colcon.colcon_core.shell:Creating environment hook '/home/pbdq/roarm_ws/install/roarm_driver/share/roarm_driver/hook/pythonpath.ps1'
[2.135s] INFO:colcon.colcon_core.shell:Creating environment descriptor '/home/pbdq/roarm_ws/install/roarm_driver/share/roarm_driver/hook/pythonpath.dsv'
[2.135s] INFO:colcon.colcon_core.shell:Creating environment hook '/home/pbdq/roarm_ws/install/roarm_driver/share/roarm_driver/hook/pythonpath.sh'
[2.135s] Level 1:colcon.colcon_core.environment:checking '/home/pbdq/roarm_ws/install/roarm_driver/bin'
[2.136s] Level 1:colcon.colcon_core.environment:create_environment_scripts_only(roarm_driver)
[2.136s] INFO:colcon.colcon_core.shell:Creating package script '/home/pbdq/roarm_ws/install/roarm_driver/share/roarm_driver/package.ps1'
[2.136s] INFO:colcon.colcon_core.shell:Creating package descriptor '/home/pbdq/roarm_ws/install/roarm_driver/share/roarm_driver/package.dsv'
[2.137s] INFO:colcon.colcon_core.shell:Creating package script '/home/pbdq/roarm_ws/install/roarm_driver/share/roarm_driver/package.sh'
[2.137s] INFO:colcon.colcon_core.shell:Creating package script '/home/pbdq/roarm_ws/install/roarm_driver/share/roarm_driver/package.bash'
[2.137s] INFO:colcon.colcon_core.shell:Creating package script '/home/pbdq/roarm_ws/install/roarm_driver/share/roarm_driver/package.zsh'
[2.138s] Level 1:colcon.colcon_core.environment:create_file_with_runtime_dependencies(/home/pbdq/roarm_ws/install/roarm_driver/share/colcon-core/packages/roarm_driver)
[2.138s] INFO:colcon.colcon_ros.task.ament_cmake.build:Building ROS package in '/home/pbdq/roarm_ws/src/roarm_moveit_ikfast_plugins' with build type 'ament_cmake'
[2.138s] INFO:colcon.colcon_cmake.task.cmake.build:Building CMake package in '/home/pbdq/roarm_ws/src/roarm_moveit_ikfast_plugins'
[2.138s] INFO:colcon.colcon_core.shell:Skip shell extension 'powershell' for command environment: Not usable outside of PowerShell
[2.138s] DEBUG:colcon.colcon_core.shell:Skip shell extension 'dsv' for command environment
[2.145s] DEBUG:colcon.colcon_core.event_handler.log_command:Invoking command in '/home/pbdq/roarm_ws/build/roarm_moveit_ikfast_plugins': CMAKE_PREFIX_PATH=${CMAKE_PREFIX_PATH}:/home/pbdq/roarm_ws/install/roarm_bringup:/home/pbdq/roarm_ws/install/sirius_reader:/home/pbdq/roarm_ws/install/roarm_driver:/home/pbdq/roarm_ws/install/ik_solver:/opt/ros/humble /usr/bin/cmake /home/pbdq/roarm_ws/src/roarm_moveit_ikfast_plugins -DAMENT_CMAKE_SYMLINK_INSTALL=1 -DCMAKE_INSTALL_PREFIX=/home/pbdq/roarm_ws/install/roarm_moveit_ikfast_plugins
[3.530s] DEBUG:colcon.colcon_core.event_handler.log_command:Invoked command in '/home/pbdq/roarm_ws/build/roarm_moveit_ikfast_plugins' returned '0': CMAKE_PREFIX_PATH=${CMAKE_PREFIX_PATH}:/home/pbdq/roarm_ws/install/roarm_bringup:/home/pbdq/roarm_ws/install/sirius_reader:/home/pbdq/roarm_ws/install/roarm_driver:/home/pbdq/roarm_ws/install/ik_solver:/opt/ros/humble /usr/bin/cmake /home/pbdq/roarm_ws/src/roarm_moveit_ikfast_plugins -DAMENT_CMAKE_SYMLINK_INSTALL=1 -DCMAKE_INSTALL_PREFIX=/home/pbdq/roarm_ws/install/roarm_moveit_ikfast_plugins
[3.531s] DEBUG:colcon.colcon_core.event_handler.log_command:Invoking command in '/home/pbdq/roarm_ws/build/roarm_moveit_ikfast_plugins': CMAKE_PREFIX_PATH=${CMAKE_PREFIX_PATH}:/home/pbdq/roarm_ws/install/roarm_bringup:/home/pbdq/roarm_ws/install/sirius_reader:/home/pbdq/roarm_ws/install/roarm_driver:/home/pbdq/roarm_ws/install/ik_solver:/opt/ros/humble /usr/bin/cmake --build /home/pbdq/roarm_ws/build/roarm_moveit_ikfast_plugins -- -j12 -l12
[8.960s] DEBUG:colcon.colcon_core.event_handler.log_command:Invoked command in '/home/pbdq/roarm_ws/build/roarm_moveit_ikfast_plugins' returned '0': CMAKE_PREFIX_PATH=${CMAKE_PREFIX_PATH}:/home/pbdq/roarm_ws/install/roarm_bringup:/home/pbdq/roarm_ws/install/sirius_reader:/home/pbdq/roarm_ws/install/roarm_driver:/home/pbdq/roarm_ws/install/ik_solver:/opt/ros/humble /usr/bin/cmake --build /home/pbdq/roarm_ws/build/roarm_moveit_ikfast_plugins -- -j12 -l12
[8.961s] DEBUG:colcon.colcon_core.event_handler.log_command:Invoking command in '/home/pbdq/roarm_ws/build/roarm_moveit_ikfast_plugins': CMAKE_PREFIX_PATH=${CMAKE_PREFIX_PATH}:/home/pbdq/roarm_ws/install/roarm_bringup:/home/pbdq/roarm_ws/install/sirius_reader:/home/pbdq/roarm_ws/install/roarm_driver:/home/pbdq/roarm_ws/install/ik_solver:/opt/ros/humble /usr/bin/cmake --install /home/pbdq/roarm_ws/build/roarm_moveit_ikfast_plugins
[9.100s] Level 1:colcon.colcon_core.environment:create_environment_scripts_only(roarm_moveit_ikfast_plugins)
[9.100s] Level 1:colcon.colcon_core.environment:checking '/home/pbdq/roarm_ws/install/roarm_moveit_ikfast_plugins' for CMake module files
[9.101s] DEBUG:colcon.colcon_core.event_handler.log_command:Invoked command in '/home/pbdq/roarm_ws/build/roarm_moveit_ikfast_plugins' returned '0': CMAKE_PREFIX_PATH=${CMAKE_PREFIX_PATH}:/home/pbdq/roarm_ws/install/roarm_bringup:/home/pbdq/roarm_ws/install/sirius_reader:/home/pbdq/roarm_ws/install/roarm_driver:/home/pbdq/roarm_ws/install/ik_solver:/opt/ros/humble /usr/bin/cmake --install /home/pbdq/roarm_ws/build/roarm_moveit_ikfast_plugins
[9.101s] Level 1:colcon.colcon_core.environment:checking '/home/pbdq/roarm_ws/install/roarm_moveit_ikfast_plugins' for CMake config files
[9.101s] Level 1:colcon.colcon_core.shell:create_environment_hook('roarm_moveit_ikfast_plugins', 'cmake_prefix_path')
[9.101s] INFO:colcon.colcon_core.shell:Creating environment hook '/home/pbdq/roarm_ws/install/roarm_moveit_ikfast_plugins/share/roarm_moveit_ikfast_plugins/hook/cmake_prefix_path.ps1'
[9.101s] INFO:colcon.colcon_core.shell:Creating environment descriptor '/home/pbdq/roarm_ws/install/roarm_moveit_ikfast_plugins/share/roarm_moveit_ikfast_plugins/hook/cmake_prefix_path.dsv'
[9.101s] INFO:colcon.colcon_core.shell:Creating environment hook '/home/pbdq/roarm_ws/install/roarm_moveit_ikfast_plugins/share/roarm_moveit_ikfast_plugins/hook/cmake_prefix_path.sh'
[9.102s] Level 1:colcon.colcon_core.environment:checking '/home/pbdq/roarm_ws/install/roarm_moveit_ikfast_plugins/lib'
[9.102s] Level 1:colcon.colcon_core.shell:create_environment_hook('roarm_moveit_ikfast_plugins', 'ld_library_path_lib')
[9.102s] INFO:colcon.colcon_core.shell:Creating environment hook '/home/pbdq/roarm_ws/install/roarm_moveit_ikfast_plugins/share/roarm_moveit_ikfast_plugins/hook/ld_library_path_lib.ps1'
[9.102s] INFO:colcon.colcon_core.shell:Creating environment descriptor '/home/pbdq/roarm_ws/install/roarm_moveit_ikfast_plugins/share/roarm_moveit_ikfast_plugins/hook/ld_library_path_lib.dsv'
[9.102s] INFO:colcon.colcon_core.shell:Creating environment hook '/home/pbdq/roarm_ws/install/roarm_moveit_ikfast_plugins/share/roarm_moveit_ikfast_plugins/hook/ld_library_path_lib.sh'
[9.102s] Level 1:colcon.colcon_core.environment:checking '/home/pbdq/roarm_ws/install/roarm_moveit_ikfast_plugins/bin'
[9.102s] Level 1:colcon.colcon_core.environment:checking '/home/pbdq/roarm_ws/install/roarm_moveit_ikfast_plugins/lib/pkgconfig/roarm_moveit_ikfast_plugins.pc'
[9.103s] Level 1:colcon.colcon_core.environment:checking '/home/pbdq/roarm_ws/install/roarm_moveit_ikfast_plugins/lib/python3.10/site-packages'
[9.103s] Level 1:colcon.colcon_core.environment:checking '/home/pbdq/roarm_ws/install/roarm_moveit_ikfast_plugins/bin'
[9.103s] INFO:colcon.colcon_core.shell:Creating package script '/home/pbdq/roarm_ws/install/roarm_moveit_ikfast_plugins/share/roarm_moveit_ikfast_plugins/package.ps1'
[9.103s] INFO:colcon.colcon_core.shell:Creating package descriptor '/home/pbdq/roarm_ws/install/roarm_moveit_ikfast_plugins/share/roarm_moveit_ikfast_plugins/package.dsv'
[9.103s] INFO:colcon.colcon_core.shell:Creating package script '/home/pbdq/roarm_ws/install/roarm_moveit_ikfast_plugins/share/roarm_moveit_ikfast_plugins/package.sh'
[9.103s] INFO:colcon.colcon_core.shell:Creating package script '/home/pbdq/roarm_ws/install/roarm_moveit_ikfast_plugins/share/roarm_moveit_ikfast_plugins/package.bash'
[9.104s] INFO:colcon.colcon_core.shell:Creating package script '/home/pbdq/roarm_ws/install/roarm_moveit_ikfast_plugins/share/roarm_moveit_ikfast_plugins/package.zsh'
[9.104s] Level 1:colcon.colcon_core.environment:create_file_with_runtime_dependencies(/home/pbdq/roarm_ws/install/roarm_moveit_ikfast_plugins/share/colcon-core/packages/roarm_moveit_ikfast_plugins)
[9.104s] Level 1:colcon.colcon_core.environment:create_environment_scripts_only(roarm_moveit_ikfast_plugins)
[9.104s] Level 1:colcon.colcon_core.environment:checking '/home/pbdq/roarm_ws/install/roarm_moveit_ikfast_plugins' for CMake module files
[9.104s] Level 1:colcon.colcon_core.environment:checking '/home/pbdq/roarm_ws/install/roarm_moveit_ikfast_plugins' for CMake config files
[9.104s] Level 1:colcon.colcon_core.shell:create_environment_hook('roarm_moveit_ikfast_plugins', 'cmake_prefix_path')
[9.105s] INFO:colcon.colcon_core.shell:Creating environment hook '/home/pbdq/roarm_ws/install/roarm_moveit_ikfast_plugins/share/roarm_moveit_ikfast_plugins/hook/cmake_prefix_path.ps1'
[9.105s] INFO:colcon.colcon_core.shell:Creating environment descriptor '/home/pbdq/roarm_ws/install/roarm_moveit_ikfast_plugins/share/roarm_moveit_ikfast_plugins/hook/cmake_prefix_path.dsv'
[9.105s] INFO:colcon.colcon_core.shell:Creating environment hook '/home/pbdq/roarm_ws/install/roarm_moveit_ikfast_plugins/share/roarm_moveit_ikfast_plugins/hook/cmake_prefix_path.sh'
[9.105s] Level 1:colcon.colcon_core.environment:checking '/home/pbdq/roarm_ws/install/roarm_moveit_ikfast_plugins/lib'
[9.105s] Level 1:colcon.colcon_core.shell:create_environment_hook('roarm_moveit_ikfast_plugins', 'ld_library_path_lib')
[9.105s] INFO:colcon.colcon_core.shell:Creating environment hook '/home/pbdq/roarm_ws/install/roarm_moveit_ikfast_plugins/share/roarm_moveit_ikfast_plugins/hook/ld_library_path_lib.ps1'
[9.106s] INFO:colcon.colcon_core.shell:Creating environment descriptor '/home/pbdq/roarm_ws/install/roarm_moveit_ikfast_plugins/share/roarm_moveit_ikfast_plugins/hook/ld_library_path_lib.dsv'
[9.106s] INFO:colcon.colcon_core.shell:Creating environment hook '/home/pbdq/roarm_ws/install/roarm_moveit_ikfast_plugins/share/roarm_moveit_ikfast_plugins/hook/ld_library_path_lib.sh'
[9.106s] Level 1:colcon.colcon_core.environment:checking '/home/pbdq/roarm_ws/install/roarm_moveit_ikfast_plugins/bin'
[9.106s] Level 1:colcon.colcon_core.environment:checking '/home/pbdq/roarm_ws/install/roarm_moveit_ikfast_plugins/lib/pkgconfig/roarm_moveit_ikfast_plugins.pc'
[9.106s] Level 1:colcon.colcon_core.environment:checking '/home/pbdq/roarm_ws/install/roarm_moveit_ikfast_plugins/lib/python3.10/site-packages'
[9.106s] Level 1:colcon.colcon_core.environment:checking '/home/pbdq/roarm_ws/install/roarm_moveit_ikfast_plugins/bin'
[9.106s] INFO:colcon.colcon_core.shell:Creating package script '/home/pbdq/roarm_ws/install/roarm_moveit_ikfast_plugins/share/roarm_moveit_ikfast_plugins/package.ps1'
[9.107s] INFO:colcon.colcon_core.shell:Creating package descriptor '/home/pbdq/roarm_ws/install/roarm_moveit_ikfast_plugins/share/roarm_moveit_ikfast_plugins/package.dsv'
[9.107s] INFO:colcon.colcon_core.shell:Creating package script '/home/pbdq/roarm_ws/install/roarm_moveit_ikfast_plugins/share/roarm_moveit_ikfast_plugins/package.sh'
[9.107s] INFO:colcon.colcon_core.shell:Creating package script '/home/pbdq/roarm_ws/install/roarm_moveit_ikfast_plugins/share/roarm_moveit_ikfast_plugins/package.bash'
[9.107s] INFO:colcon.colcon_core.shell:Creating package script '/home/pbdq/roarm_ws/install/roarm_moveit_ikfast_plugins/share/roarm_moveit_ikfast_plugins/package.zsh'
[9.108s] Level 1:colcon.colcon_core.environment:create_file_with_runtime_dependencies(/home/pbdq/roarm_ws/install/roarm_moveit_ikfast_plugins/share/colcon-core/packages/roarm_moveit_ikfast_plugins)
[9.108s] INFO:colcon.colcon_ros.task.ament_python.build:Building ROS package in '/home/pbdq/roarm_ws/src/sirius_reader' with build type 'ament_python'
[9.108s] Level 1:colcon.colcon_core.shell:create_environment_hook('sirius_reader', 'ament_prefix_path')
[9.108s] INFO:colcon.colcon_core.shell:Creating environment hook '/home/pbdq/roarm_ws/install/sirius_reader/share/sirius_reader/hook/ament_prefix_path.ps1'
[9.108s] INFO:colcon.colcon_core.shell:Creating environment descriptor '/home/pbdq/roarm_ws/install/sirius_reader/share/sirius_reader/hook/ament_prefix_path.dsv'
[9.109s] INFO:colcon.colcon_core.shell:Creating environment hook '/home/pbdq/roarm_ws/install/sirius_reader/share/sirius_reader/hook/ament_prefix_path.sh'
[9.109s] INFO:colcon.colcon_core.shell:Skip shell extension 'powershell' for command environment: Not usable outside of PowerShell
[9.109s] DEBUG:colcon.colcon_core.shell:Skip shell extension 'dsv' for command environment
[9.258s] INFO:colcon.colcon_core.task.python.build:Building Python package in '/home/pbdq/roarm_ws/src/sirius_reader'
[9.258s] INFO:colcon.colcon_core.shell:Skip shell extension 'powershell' for command environment: Not usable outside of PowerShell
[9.258s] DEBUG:colcon.colcon_core.shell:Skip shell extension 'dsv' for command environment
[9.463s] DEBUG:colcon.colcon_core.event_handler.log_command:Invoking command in '/home/pbdq/roarm_ws/build/sirius_reader': PYTHONPATH=/home/pbdq/roarm_ws/build/sirius_reader/prefix_override:/usr/lib/python3/dist-packages/colcon_core/task/python/colcon_distutils_commands:/home/pbdq/roarm_ws/install/sirius_reader/lib/python3.10/site-packages:${PYTHONPATH} /usr/bin/python3 -W ignore:setup.py install is deprecated -W ignore:easy_install command is deprecated setup.py develop --editable --build-directory /home/pbdq/roarm_ws/build/sirius_reader/build --no-deps symlink_data
[9.720s] Level 1:colcon.colcon_core.shell:create_environment_hook('sirius_reader', 'pythonpath_develop')
[9.720s] INFO:colcon.colcon_core.shell:Creating environment hook '/home/pbdq/roarm_ws/build/sirius_reader/share/sirius_reader/hook/pythonpath_develop.ps1'
[9.721s] DEBUG:colcon.colcon_core.event_handler.log_command:Invoked command in '/home/pbdq/roarm_ws/build/sirius_reader' returned '0': PYTHONPATH=/home/pbdq/roarm_ws/build/sirius_reader/prefix_override:/usr/lib/python3/dist-packages/colcon_core/task/python/colcon_distutils_commands:/home/pbdq/roarm_ws/install/sirius_reader/lib/python3.10/site-packages:${PYTHONPATH} /usr/bin/python3 -W ignore:setup.py install is deprecated -W ignore:easy_install command is deprecated setup.py develop --editable --build-directory /home/pbdq/roarm_ws/build/sirius_reader/build --no-deps symlink_data
[9.721s] INFO:colcon.colcon_core.shell:Creating environment descriptor '/home/pbdq/roarm_ws/build/sirius_reader/share/sirius_reader/hook/pythonpath_develop.dsv'
[9.721s] INFO:colcon.colcon_core.shell:Creating environment hook '/home/pbdq/roarm_ws/build/sirius_reader/share/sirius_reader/hook/pythonpath_develop.sh'
[9.721s] Level 1:colcon.colcon_core.environment:checking '/home/pbdq/roarm_ws/install/sirius_reader' for CMake module files
[9.722s] Level 1:colcon.colcon_core.environment:checking '/home/pbdq/roarm_ws/install/sirius_reader' for CMake config files
[9.722s] Level 1:colcon.colcon_core.environment:checking '/home/pbdq/roarm_ws/install/sirius_reader/lib'
[9.722s] Level 1:colcon.colcon_core.environment:checking '/home/pbdq/roarm_ws/install/sirius_reader/bin'
[9.722s] Level 1:colcon.colcon_core.environment:checking '/home/pbdq/roarm_ws/install/sirius_reader/lib/pkgconfig/sirius_reader.pc'
[9.722s] Level 1:colcon.colcon_core.environment:checking '/home/pbdq/roarm_ws/install/sirius_reader/lib/python3.10/site-packages'
[9.722s] Level 1:colcon.colcon_core.shell:create_environment_hook('sirius_reader', 'pythonpath')
[9.722s] INFO:colcon.colcon_core.shell:Creating environment hook '/home/pbdq/roarm_ws/install/sirius_reader/share/sirius_reader/hook/pythonpath.ps1'
[9.722s] INFO:colcon.colcon_core.shell:Creating environment descriptor '/home/pbdq/roarm_ws/install/sirius_reader/share/sirius_reader/hook/pythonpath.dsv'
[9.722s] INFO:colcon.colcon_core.shell:Creating environment hook '/home/pbdq/roarm_ws/install/sirius_reader/share/sirius_reader/hook/pythonpath.sh'
[9.723s] Level 1:colcon.colcon_core.environment:checking '/home/pbdq/roarm_ws/install/sirius_reader/bin'
[9.723s] Level 1:colcon.colcon_core.environment:create_environment_scripts_only(sirius_reader)
[9.723s] INFO:colcon.colcon_core.shell:Creating package script '/home/pbdq/roarm_ws/install/sirius_reader/share/sirius_reader/package.ps1'
[9.723s] INFO:colcon.colcon_core.shell:Creating package descriptor '/home/pbdq/roarm_ws/install/sirius_reader/share/sirius_reader/package.dsv'
[9.723s] INFO:colcon.colcon_core.shell:Creating package script '/home/pbdq/roarm_ws/install/sirius_reader/share/sirius_reader/package.sh'
[9.723s] INFO:colcon.colcon_core.shell:Creating package script '/home/pbdq/roarm_ws/install/sirius_reader/share/sirius_reader/package.bash'
[9.724s] INFO:colcon.colcon_core.shell:Creating package script '/home/pbdq/roarm_ws/install/sirius_reader/share/sirius_reader/package.zsh'
[9.724s] Level 1:colcon.colcon_core.environment:create_file_with_runtime_dependencies(/home/pbdq/roarm_ws/install/sirius_reader/share/colcon-core/packages/sirius_reader)
[9.724s] INFO:colcon.colcon_ros.task.ament_cmake.build:Building ROS package in '/home/pbdq/roarm_ws/src/roarm_moveit' with build type 'ament_cmake'
[9.724s] INFO:colcon.colcon_cmake.task.cmake.build:Building CMake package in '/home/pbdq/roarm_ws/src/roarm_moveit'
[9.724s] INFO:colcon.colcon_core.shell:Skip shell extension 'powershell' for command environment: Not usable outside of PowerShell
[9.724s] DEBUG:colcon.colcon_core.shell:Skip shell extension 'dsv' for command environment
[9.730s] DEBUG:colcon.colcon_core.event_handler.log_command:Invoking command in '/home/pbdq/roarm_ws/build/roarm_moveit': CMAKE_PREFIX_PATH=/home/pbdq/roarm_ws/install/roarm_description:/home/pbdq/roarm_ws/install/roarm_moveit_ikfast_plugins:/home/pbdq/roarm_ws/install/roarm_moveit:/home/pbdq/roarm_ws/install/roarm_bringup:/home/pbdq/roarm_ws/install/sirius_reader:/home/pbdq/roarm_ws/install/roarm_driver:/home/pbdq/roarm_ws/install/ik_solver:/opt/ros/humble /usr/bin/cmake /home/pbdq/roarm_ws/src/roarm_moveit -DAMENT_CMAKE_SYMLINK_INSTALL=1 -DCMAKE_INSTALL_PREFIX=/home/pbdq/roarm_ws/install/roarm_moveit
[10.745s] DEBUG:colcon.colcon_core.event_handler.log_command:Invoked command in '/home/pbdq/roarm_ws/build/roarm_moveit' returned '0': CMAKE_PREFIX_PATH=/home/pbdq/roarm_ws/install/roarm_description:/home/pbdq/roarm_ws/install/roarm_moveit_ikfast_plugins:/home/pbdq/roarm_ws/install/roarm_moveit:/home/pbdq/roarm_ws/install/roarm_bringup:/home/pbdq/roarm_ws/install/sirius_reader:/home/pbdq/roarm_ws/install/roarm_driver:/home/pbdq/roarm_ws/install/ik_solver:/opt/ros/humble /usr/bin/cmake /home/pbdq/roarm_ws/src/roarm_moveit -DAMENT_CMAKE_SYMLINK_INSTALL=1 -DCMAKE_INSTALL_PREFIX=/home/pbdq/roarm_ws/install/roarm_moveit
[10.747s] DEBUG:colcon.colcon_core.event_handler.log_command:Invoking command in '/home/pbdq/roarm_ws/build/roarm_moveit': CMAKE_PREFIX_PATH=/home/pbdq/roarm_ws/install/roarm_description:/home/pbdq/roarm_ws/install/roarm_moveit_ikfast_plugins:/home/pbdq/roarm_ws/install/roarm_moveit:/home/pbdq/roarm_ws/install/roarm_bringup:/home/pbdq/roarm_ws/install/sirius_reader:/home/pbdq/roarm_ws/install/roarm_driver:/home/pbdq/roarm_ws/install/ik_solver:/opt/ros/humble /usr/bin/cmake --build /home/pbdq/roarm_ws/build/roarm_moveit -- -j12 -l12
[13.194s] DEBUG:colcon.colcon_core.event_handler.log_command:Invoked command in '/home/pbdq/roarm_ws/build/roarm_moveit' returned '0': CMAKE_PREFIX_PATH=/home/pbdq/roarm_ws/install/roarm_description:/home/pbdq/roarm_ws/install/roarm_moveit_ikfast_plugins:/home/pbdq/roarm_ws/install/roarm_moveit:/home/pbdq/roarm_ws/install/roarm_bringup:/home/pbdq/roarm_ws/install/sirius_reader:/home/pbdq/roarm_ws/install/roarm_driver:/home/pbdq/roarm_ws/install/ik_solver:/opt/ros/humble /usr/bin/cmake --build /home/pbdq/roarm_ws/build/roarm_moveit -- -j12 -l12
[13.195s] DEBUG:colcon.colcon_core.event_handler.log_command:Invoking command in '/home/pbdq/roarm_ws/build/roarm_moveit': CMAKE_PREFIX_PATH=/home/pbdq/roarm_ws/install/roarm_description:/home/pbdq/roarm_ws/install/roarm_moveit_ikfast_plugins:/home/pbdq/roarm_ws/install/roarm_moveit:/home/pbdq/roarm_ws/install/roarm_bringup:/home/pbdq/roarm_ws/install/sirius_reader:/home/pbdq/roarm_ws/install/roarm_driver:/home/pbdq/roarm_ws/install/ik_solver:/opt/ros/humble /usr/bin/cmake --install /home/pbdq/roarm_ws/build/roarm_moveit
[13.981s] Level 1:colcon.colcon_core.environment:create_environment_scripts_only(roarm_moveit)
[13.981s] DEBUG:colcon.colcon_core.event_handler.log_command:Invoked command in '/home/pbdq/roarm_ws/build/roarm_moveit' returned '0': CMAKE_PREFIX_PATH=/home/pbdq/roarm_ws/install/roarm_description:/home/pbdq/roarm_ws/install/roarm_moveit_ikfast_plugins:/home/pbdq/roarm_ws/install/roarm_moveit:/home/pbdq/roarm_ws/install/roarm_bringup:/home/pbdq/roarm_ws/install/sirius_reader:/home/pbdq/roarm_ws/install/roarm_driver:/home/pbdq/roarm_ws/install/ik_solver:/opt/ros/humble /usr/bin/cmake --install /home/pbdq/roarm_ws/build/roarm_moveit
[13.982s] Level 1:colcon.colcon_core.environment:checking '/home/pbdq/roarm_ws/install/roarm_moveit' for CMake module files
[13.982s] Level 1:colcon.colcon_core.environment:checking '/home/pbdq/roarm_ws/install/roarm_moveit' for CMake config files
[13.983s] Level 1:colcon.colcon_core.shell:create_environment_hook('roarm_moveit', 'cmake_prefix_path')
[13.983s] INFO:colcon.colcon_core.shell:Creating environment hook '/home/pbdq/roarm_ws/install/roarm_moveit/share/roarm_moveit/hook/cmake_prefix_path.ps1'
[13.984s] INFO:colcon.colcon_core.shell:Creating environment descriptor '/home/pbdq/roarm_ws/install/roarm_moveit/share/roarm_moveit/hook/cmake_prefix_path.dsv'
[13.984s] INFO:colcon.colcon_core.shell:Creating environment hook '/home/pbdq/roarm_ws/install/roarm_moveit/share/roarm_moveit/hook/cmake_prefix_path.sh'
[13.984s] Level 1:colcon.colcon_core.environment:checking '/home/pbdq/roarm_ws/install/roarm_moveit/lib'
[13.984s] Level 1:colcon.colcon_core.shell:create_environment_hook('roarm_moveit', 'ld_library_path_lib')
[13.984s] INFO:colcon.colcon_core.shell:Creating environment hook '/home/pbdq/roarm_ws/install/roarm_moveit/share/roarm_moveit/hook/ld_library_path_lib.ps1'
[13.984s] INFO:colcon.colcon_core.shell:Creating environment descriptor '/home/pbdq/roarm_ws/install/roarm_moveit/share/roarm_moveit/hook/ld_library_path_lib.dsv'
[13.985s] INFO:colcon.colcon_core.shell:Creating environment hook '/home/pbdq/roarm_ws/install/roarm_moveit/share/roarm_moveit/hook/ld_library_path_lib.sh'
[13.985s] Level 1:colcon.colcon_core.environment:checking '/home/pbdq/roarm_ws/install/roarm_moveit/bin'
[13.985s] Level 1:colcon.colcon_core.environment:checking '/home/pbdq/roarm_ws/install/roarm_moveit/lib/pkgconfig/roarm_moveit.pc'
[13.985s] Level 1:colcon.colcon_core.environment:checking '/home/pbdq/roarm_ws/install/roarm_moveit/lib/python3.10/site-packages'
[13.985s] Level 1:colcon.colcon_core.environment:checking '/home/pbdq/roarm_ws/install/roarm_moveit/bin'
[13.985s] INFO:colcon.colcon_core.shell:Creating package script '/home/pbdq/roarm_ws/install/roarm_moveit/share/roarm_moveit/package.ps1'
[13.986s] INFO:colcon.colcon_core.shell:Creating package descriptor '/home/pbdq/roarm_ws/install/roarm_moveit/share/roarm_moveit/package.dsv'
[13.986s] INFO:colcon.colcon_core.shell:Creating package script '/home/pbdq/roarm_ws/install/roarm_moveit/share/roarm_moveit/package.sh'
[13.986s] INFO:colcon.colcon_core.shell:Creating package script '/home/pbdq/roarm_ws/install/roarm_moveit/share/roarm_moveit/package.bash'
[13.986s] INFO:colcon.colcon_core.shell:Creating package script '/home/pbdq/roarm_ws/install/roarm_moveit/share/roarm_moveit/package.zsh'
[13.986s] Level 1:colcon.colcon_core.environment:create_file_with_runtime_dependencies(/home/pbdq/roarm_ws/install/roarm_moveit/share/colcon-core/packages/roarm_moveit)
[13.987s] Level 1:colcon.colcon_core.environment:create_environment_scripts_only(roarm_moveit)
[13.987s] Level 1:colcon.colcon_core.environment:checking '/home/pbdq/roarm_ws/install/roarm_moveit' for CMake module files
[13.987s] Level 1:colcon.colcon_core.environment:checking '/home/pbdq/roarm_ws/install/roarm_moveit' for CMake config files
[13.987s] Level 1:colcon.colcon_core.shell:create_environment_hook('roarm_moveit', 'cmake_prefix_path')
[13.987s] INFO:colcon.colcon_core.shell:Creating environment hook '/home/pbdq/roarm_ws/install/roarm_moveit/share/roarm_moveit/hook/cmake_prefix_path.ps1'
[13.988s] INFO:colcon.colcon_core.shell:Creating environment descriptor '/home/pbdq/roarm_ws/install/roarm_moveit/share/roarm_moveit/hook/cmake_prefix_path.dsv'
[13.988s] INFO:colcon.colcon_core.shell:Creating environment hook '/home/pbdq/roarm_ws/install/roarm_moveit/share/roarm_moveit/hook/cmake_prefix_path.sh'
[13.988s] Level 1:colcon.colcon_core.environment:checking '/home/pbdq/roarm_ws/install/roarm_moveit/lib'
[13.988s] Level 1:colcon.colcon_core.shell:create_environment_hook('roarm_moveit', 'ld_library_path_lib')
[13.988s] INFO:colcon.colcon_core.shell:Creating environment hook '/home/pbdq/roarm_ws/install/roarm_moveit/share/roarm_moveit/hook/ld_library_path_lib.ps1'
[13.989s] INFO:colcon.colcon_core.shell:Creating environment descriptor '/home/pbdq/roarm_ws/install/roarm_moveit/share/roarm_moveit/hook/ld_library_path_lib.dsv'
[13.989s] INFO:colcon.colcon_core.shell:Creating environment hook '/home/pbdq/roarm_ws/install/roarm_moveit/share/roarm_moveit/hook/ld_library_path_lib.sh'
[13.989s] Level 1:colcon.colcon_core.environment:checking '/home/pbdq/roarm_ws/install/roarm_moveit/bin'
[13.989s] Level 1:colcon.colcon_core.environment:checking '/home/pbdq/roarm_ws/install/roarm_moveit/lib/pkgconfig/roarm_moveit.pc'
[13.989s] Level 1:colcon.colcon_core.environment:checking '/home/pbdq/roarm_ws/install/roarm_moveit/lib/python3.10/site-packages'
[13.989s] Level 1:colcon.colcon_core.environment:checking '/home/pbdq/roarm_ws/install/roarm_moveit/bin'
[13.989s] INFO:colcon.colcon_core.shell:Creating package script '/home/pbdq/roarm_ws/install/roarm_moveit/share/roarm_moveit/package.ps1'
[13.990s] INFO:colcon.colcon_core.shell:Creating package descriptor '/home/pbdq/roarm_ws/install/roarm_moveit/share/roarm_moveit/package.dsv'
[13.990s] INFO:colcon.colcon_core.shell:Creating package script '/home/pbdq/roarm_ws/install/roarm_moveit/share/roarm_moveit/package.sh'
[13.990s] INFO:colcon.colcon_core.shell:Creating package script '/home/pbdq/roarm_ws/install/roarm_moveit/share/roarm_moveit/package.bash'
[13.990s] INFO:colcon.colcon_core.shell:Creating package script '/home/pbdq/roarm_ws/install/roarm_moveit/share/roarm_moveit/package.zsh'
[13.991s] Level 1:colcon.colcon_core.environment:create_file_with_runtime_dependencies(/home/pbdq/roarm_ws/install/roarm_moveit/share/colcon-core/packages/roarm_moveit)
[13.991s] INFO:colcon.colcon_ros.task.ament_python.build:Building ROS package in '/home/pbdq/roarm_ws/src/roarm_bringup' with build type 'ament_python'
[13.991s] Level 1:colcon.colcon_core.shell:create_environment_hook('roarm_bringup', 'ament_prefix_path')
[13.991s] INFO:colcon.colcon_core.shell:Creating environment hook '/home/pbdq/roarm_ws/install/roarm_bringup/share/roarm_bringup/hook/ament_prefix_path.ps1'
[13.991s] INFO:colcon.colcon_core.shell:Creating environment descriptor '/home/pbdq/roarm_ws/install/roarm_bringup/share/roarm_bringup/hook/ament_prefix_path.dsv'
[13.992s] INFO:colcon.colcon_core.shell:Creating environment hook '/home/pbdq/roarm_ws/install/roarm_bringup/share/roarm_bringup/hook/ament_prefix_path.sh'
[13.992s] INFO:colcon.colcon_core.shell:Skip shell extension 'powershell' for command environment: Not usable outside of PowerShell
[13.992s] DEBUG:colcon.colcon_core.shell:Skip shell extension 'dsv' for command environment
[14.145s] INFO:colcon.colcon_core.task.python.build:Building Python package in '/home/pbdq/roarm_ws/src/roarm_bringup'
[14.146s] INFO:colcon.colcon_core.shell:Skip shell extension 'powershell' for command environment: Not usable outside of PowerShell
[14.146s] DEBUG:colcon.colcon_core.shell:Skip shell extension 'dsv' for command environment
[14.358s] DEBUG:colcon.colcon_core.event_handler.log_command:Invoking command in '/home/pbdq/roarm_ws/build/roarm_bringup': AMENT_PREFIX_PATH=/home/pbdq/roarm_ws/install/sirius_reader:/home/pbdq/roarm_ws/install/roarm_driver:/home/pbdq/roarm_ws/install/ik_solver:/home/pbdq/roarm_ws/install/roarm_bringup:/home/pbdq/roarm_ws/install/roarm_moveit_ikfast_plugins:/home/pbdq/roarm_ws/install/roarm_moveit:/home/pbdq/roarm_ws/install/roarm_description:/opt/ros/humble CMAKE_PREFIX_PATH=/home/pbdq/roarm_ws/install/roarm_moveit:/home/pbdq/roarm_ws/install/roarm_moveit_ikfast_plugins:/home/pbdq/roarm_ws/install/roarm_description LD_LIBRARY_PATH=/home/pbdq/roarm_ws/install/roarm_moveit/lib:/home/pbdq/roarm_ws/install/roarm_moveit_ikfast_plugins/lib:/usr/lib/x86_64-linux-gnu/gazebo-11/plugins:/opt/ros/humble/opt/rviz_ogre_vendor/lib:/opt/ros/humble/lib/x86_64-linux-gnu:/opt/ros/humble/lib PYTHONPATH=/home/pbdq/roarm_ws/build/roarm_bringup/prefix_override:/usr/lib/python3/dist-packages/colcon_core/task/python/colcon_distutils_commands:/home/pbdq/roarm_ws/install/roarm_bringup/lib/python3.10/site-packages:/home/pbdq/roarm_ws/build/sirius_reader:/home/pbdq/roarm_ws/install/sirius_reader/lib/python3.10/site-packages:/home/pbdq/roarm_ws/build/roarm_driver:/home/pbdq/roarm_ws/install/roarm_driver/lib/python3.10/site-packages:/home/pbdq/roarm_ws/build/ik_solver:/home/pbdq/roarm_ws/install/ik_solver/lib/python3.10/site-packages:/home/pbdq/roarm_ws/build/roarm_bringup:/home/pbdq/roarm_ws/install/roarm_bringup/lib/python3.10/site-packages:/home/pbdq/roarm_ws/install/roarm_moveit/local/lib/python3.10/dist-packages:/opt/ros/humble/lib/python3.10/site-packages:/opt/ros/humble/local/lib/python3.10/dist-packages /usr/bin/python3 -W ignore:setup.py install is deprecated -W ignore:easy_install command is deprecated setup.py develop --editable --build-directory /home/pbdq/roarm_ws/build/roarm_bringup/build --no-deps symlink_data
[14.621s] Level 1:colcon.colcon_core.shell:create_environment_hook('roarm_bringup', 'pythonpath_develop')
[14.621s] INFO:colcon.colcon_core.shell:Creating environment hook '/home/pbdq/roarm_ws/build/roarm_bringup/share/roarm_bringup/hook/pythonpath_develop.ps1'
[14.622s] INFO:colcon.colcon_core.shell:Creating environment descriptor '/home/pbdq/roarm_ws/build/roarm_bringup/share/roarm_bringup/hook/pythonpath_develop.dsv'
[14.622s] INFO:colcon.colcon_core.shell:Creating environment hook '/home/pbdq/roarm_ws/build/roarm_bringup/share/roarm_bringup/hook/pythonpath_develop.sh'
[14.622s] Level 1:colcon.colcon_core.environment:checking '/home/pbdq/roarm_ws/install/roarm_bringup' for CMake module files
[14.623s] DEBUG:colcon.colcon_core.event_handler.log_command:Invoked command in '/home/pbdq/roarm_ws/build/roarm_bringup' returned '0': AMENT_PREFIX_PATH=/home/pbdq/roarm_ws/install/sirius_reader:/home/pbdq/roarm_ws/install/roarm_driver:/home/pbdq/roarm_ws/install/ik_solver:/home/pbdq/roarm_ws/install/roarm_bringup:/home/pbdq/roarm_ws/install/roarm_moveit_ikfast_plugins:/home/pbdq/roarm_ws/install/roarm_moveit:/home/pbdq/roarm_ws/install/roarm_description:/opt/ros/humble CMAKE_PREFIX_PATH=/home/pbdq/roarm_ws/install/roarm_moveit:/home/pbdq/roarm_ws/install/roarm_moveit_ikfast_plugins:/home/pbdq/roarm_ws/install/roarm_description LD_LIBRARY_PATH=/home/pbdq/roarm_ws/install/roarm_moveit/lib:/home/pbdq/roarm_ws/install/roarm_moveit_ikfast_plugins/lib:/usr/lib/x86_64-linux-gnu/gazebo-11/plugins:/opt/ros/humble/opt/rviz_ogre_vendor/lib:/opt/ros/humble/lib/x86_64-linux-gnu:/opt/ros/humble/lib PYTHONPATH=/home/pbdq/roarm_ws/build/roarm_bringup/prefix_override:/usr/lib/python3/dist-packages/colcon_core/task/python/colcon_distutils_commands:/home/pbdq/roarm_ws/install/roarm_bringup/lib/python3.10/site-packages:/home/pbdq/roarm_ws/build/sirius_reader:/home/pbdq/roarm_ws/install/sirius_reader/lib/python3.10/site-packages:/home/pbdq/roarm_ws/build/roarm_driver:/home/pbdq/roarm_ws/install/roarm_driver/lib/python3.10/site-packages:/home/pbdq/roarm_ws/build/ik_solver:/home/pbdq/roarm_ws/install/ik_solver/lib/python3.10/site-packages:/home/pbdq/roarm_ws/build/roarm_bringup:/home/pbdq/roarm_ws/install/roarm_bringup/lib/python3.10/site-packages:/home/pbdq/roarm_ws/install/roarm_moveit/local/lib/python3.10/dist-packages:/opt/ros/humble/lib/python3.10/site-packages:/opt/ros/humble/local/lib/python3.10/dist-packages /usr/bin/python3 -W ignore:setup.py install is deprecated -W ignore:easy_install command is deprecated setup.py develop --editable --build-directory /home/pbdq/roarm_ws/build/roarm_bringup/build --no-deps symlink_data
[14.623s] Level 1:colcon.colcon_core.environment:checking '/home/pbdq/roarm_ws/install/roarm_bringup' for CMake config files
[14.623s] Level 1:colcon.colcon_core.environment:checking '/home/pbdq/roarm_ws/install/roarm_bringup/lib'
[14.623s] Level 1:colcon.colcon_core.environment:checking '/home/pbdq/roarm_ws/install/roarm_bringup/bin'
[14.623s] Level 1:colcon.colcon_core.environment:checking '/home/pbdq/roarm_ws/install/roarm_bringup/lib/pkgconfig/roarm_bringup.pc'
[14.623s] Level 1:colcon.colcon_core.environment:checking '/home/pbdq/roarm_ws/install/roarm_bringup/lib/python3.10/site-packages'
[14.623s] Level 1:colcon.colcon_core.shell:create_environment_hook('roarm_bringup', 'pythonpath')
[14.624s] INFO:colcon.colcon_core.shell:Creating environment hook '/home/pbdq/roarm_ws/install/roarm_bringup/share/roarm_bringup/hook/pythonpath.ps1'
[14.624s] INFO:colcon.colcon_core.shell:Creating environment descriptor '/home/pbdq/roarm_ws/install/roarm_bringup/share/roarm_bringup/hook/pythonpath.dsv'
[14.624s] INFO:colcon.colcon_core.shell:Creating environment hook '/home/pbdq/roarm_ws/install/roarm_bringup/share/roarm_bringup/hook/pythonpath.sh'
[14.624s] Level 1:colcon.colcon_core.environment:checking '/home/pbdq/roarm_ws/install/roarm_bringup/bin'
[14.624s] Level 1:colcon.colcon_core.environment:create_environment_scripts_only(roarm_bringup)
[14.624s] INFO:colcon.colcon_core.shell:Creating package script '/home/pbdq/roarm_ws/install/roarm_bringup/share/roarm_bringup/package.ps1'
[14.625s] INFO:colcon.colcon_core.shell:Creating package descriptor '/home/pbdq/roarm_ws/install/roarm_bringup/share/roarm_bringup/package.dsv'
[14.625s] INFO:colcon.colcon_core.shell:Creating package script '/home/pbdq/roarm_ws/install/roarm_bringup/share/roarm_bringup/package.sh'
[14.625s] INFO:colcon.colcon_core.shell:Creating package script '/home/pbdq/roarm_ws/install/roarm_bringup/share/roarm_bringup/package.bash'
[14.625s] INFO:colcon.colcon_core.shell:Creating package script '/home/pbdq/roarm_ws/install/roarm_bringup/share/roarm_bringup/package.zsh'
[14.625s] Level 1:colcon.colcon_core.environment:create_file_with_runtime_dependencies(/home/pbdq/roarm_ws/install/roarm_bringup/share/colcon-core/packages/roarm_bringup)
[14.626s] DEBUG:colcon.colcon_parallel_executor.executor.parallel:closing loop
[14.626s] DEBUG:colcon.colcon_parallel_executor.executor.parallel:loop closed
[14.626s] DEBUG:colcon.colcon_parallel_executor.executor.parallel:run_until_complete finished with '0'
[14.626s] DEBUG:colcon.colcon_core.event_reactor:joining thread
[14.629s] INFO:colcon.colcon_core.plugin_system:Skipping extension 'colcon_notification.desktop_notification.terminal_notifier': Not used on non-Darwin systems
[14.629s] INFO:colcon.colcon_core.plugin_system:Skipping extension 'colcon_notification.desktop_notification.win32': Not used on non-Windows systems
[14.629s] INFO:colcon.colcon_notification.desktop_notification:Sending desktop notification using 'notify2'
[14.637s] DEBUG:colcon.colcon_core.event_reactor:joined thread
[14.638s] INFO:colcon.colcon_core.shell:Creating prefix script '/home/pbdq/roarm_ws/install/local_setup.ps1'
[14.639s] INFO:colcon.colcon_core.shell:Creating prefix util module '/home/pbdq/roarm_ws/install/_local_setup_util_ps1.py'
[14.640s] INFO:colcon.colcon_core.shell:Creating prefix chain script '/home/pbdq/roarm_ws/install/setup.ps1'
[14.641s] INFO:colcon.colcon_core.shell:Creating prefix script '/home/pbdq/roarm_ws/install/local_setup.sh'
[14.642s] INFO:colcon.colcon_core.shell:Creating prefix util module '/home/pbdq/roarm_ws/install/_local_setup_util_sh.py'
[14.642s] INFO:colcon.colcon_core.shell:Creating prefix chain script '/home/pbdq/roarm_ws/install/setup.sh'
[14.642s] INFO:colcon.colcon_core.shell:Creating prefix script '/home/pbdq/roarm_ws/install/local_setup.bash'
[14.643s] INFO:colcon.colcon_core.shell:Creating prefix chain script '/home/pbdq/roarm_ws/install/setup.bash'
[14.643s] INFO:colcon.colcon_core.shell:Creating prefix script '/home/pbdq/roarm_ws/install/local_setup.zsh'
[14.643s] INFO:colcon.colcon_core.shell:Creating prefix chain script '/home/pbdq/roarm_ws/install/setup.zsh'
