Determining if the function sgemm_ exists failed with the following output:
Change Dir: /home/pbdq/roarm_ws/build/roarm_moveit_ikfast_plugins/CMakeFiles/CMakeTmp

Run Build Command(s):/usr/bin/gmake -f Makefile cmTC_69197/fast && /usr/bin/gmake  -f CMakeFiles/cmTC_69197.dir/build.make CMakeFiles/cmTC_69197.dir/build
gmake[1]: 进入目录“/home/pbdq/roarm_ws/build/roarm_moveit_ikfast_plugins/CMakeFiles/CMakeTmp”
Building C object CMakeFiles/cmTC_69197.dir/CheckFunctionExists.c.o
/usr/bin/cc   -DCHECK_FUNCTION_EXISTS=sgemm_ -o CMakeFiles/cmTC_69197.dir/CheckFunctionExists.c.o -c /usr/share/cmake-3.22/Modules/CheckFunctionExists.c
Linking C executable cmTC_69197
/usr/bin/cmake -E cmake_link_script CMakeFiles/cmTC_69197.dir/link.txt --verbose=1
/usr/bin/cc  -DCHECK_FUNCTION_EXISTS=sgemm_ CMakeFiles/cmTC_69197.dir/CheckFunctionExists.c.o -o cmTC_69197 
/usr/bin/ld: CMakeFiles/cmTC_69197.dir/CheckFunctionExists.c.o: in function `main':
CheckFunctionExists.c:(.text+0x14): undefined reference to `sgemm_'
collect2: error: ld returned 1 exit status
gmake[1]: *** [CMakeFiles/cmTC_69197.dir/build.make:99：cmTC_69197] 错误 1
gmake[1]: 离开目录“/home/pbdq/roarm_ws/build/roarm_moveit_ikfast_plugins/CMakeFiles/CMakeTmp”
gmake: *** [Makefile:127：cmTC_69197/fast] 错误 2



Determining if the function cheev_ exists failed with the following output:
Change Dir: /home/pbdq/roarm_ws/build/roarm_moveit_ikfast_plugins/CMakeFiles/CMakeTmp

Run Build Command(s):/usr/bin/gmake -f Makefile cmTC_dc1b8/fast && /usr/bin/gmake  -f CMakeFiles/cmTC_dc1b8.dir/build.make CMakeFiles/cmTC_dc1b8.dir/build
gmake[1]: 进入目录“/home/pbdq/roarm_ws/build/roarm_moveit_ikfast_plugins/CMakeFiles/CMakeTmp”
Building C object CMakeFiles/cmTC_dc1b8.dir/CheckFunctionExists.c.o
/usr/bin/cc   -DCHECK_FUNCTION_EXISTS=cheev_ -o CMakeFiles/cmTC_dc1b8.dir/CheckFunctionExists.c.o -c /usr/share/cmake-3.22/Modules/CheckFunctionExists.c
Linking C executable cmTC_dc1b8
/usr/bin/cmake -E cmake_link_script CMakeFiles/cmTC_dc1b8.dir/link.txt --verbose=1
/usr/bin/cc  -DCHECK_FUNCTION_EXISTS=cheev_ CMakeFiles/cmTC_dc1b8.dir/CheckFunctionExists.c.o -o cmTC_dc1b8  /usr/lib/x86_64-linux-gnu/libblas.so -lm -ldl 
/usr/bin/ld: CMakeFiles/cmTC_dc1b8.dir/CheckFunctionExists.c.o: in function `main':
CheckFunctionExists.c:(.text+0x14): undefined reference to `cheev_'
collect2: error: ld returned 1 exit status
gmake[1]: *** [CMakeFiles/cmTC_dc1b8.dir/build.make:100：cmTC_dc1b8] 错误 1
gmake[1]: 离开目录“/home/pbdq/roarm_ws/build/roarm_moveit_ikfast_plugins/CMakeFiles/CMakeTmp”
gmake: *** [Makefile:127：cmTC_dc1b8/fast] 错误 2



Determining if the function cheev_ exists failed with the following output:
Change Dir: /home/pbdq/roarm_ws/build/roarm_moveit_ikfast_plugins/CMakeFiles/CMakeTmp

Run Build Command(s):/usr/bin/gmake -f Makefile cmTC_d6e2e/fast && /usr/bin/gmake  -f CMakeFiles/cmTC_d6e2e.dir/build.make CMakeFiles/cmTC_d6e2e.dir/build
gmake[1]: 进入目录“/home/pbdq/roarm_ws/build/roarm_moveit_ikfast_plugins/CMakeFiles/CMakeTmp”
Building C object CMakeFiles/cmTC_d6e2e.dir/CheckFunctionExists.c.o
/usr/bin/cc   -DCHECK_FUNCTION_EXISTS=cheev_ -o CMakeFiles/cmTC_d6e2e.dir/CheckFunctionExists.c.o -c /usr/share/cmake-3.22/Modules/CheckFunctionExists.c
Linking C executable cmTC_d6e2e
/usr/bin/cmake -E cmake_link_script CMakeFiles/cmTC_d6e2e.dir/link.txt --verbose=1
/usr/bin/cc  -DCHECK_FUNCTION_EXISTS=cheev_ CMakeFiles/cmTC_d6e2e.dir/CheckFunctionExists.c.o -o cmTC_d6e2e  /usr/lib/x86_64-linux-gnu/liblapack.so /usr/lib/x86_64-linux-gnu/libblas.so -fortranlibs 
cc: error: unrecognized command-line option ‘-fortranlibs’
gmake[1]: *** [CMakeFiles/cmTC_d6e2e.dir/build.make:101：cmTC_d6e2e] 错误 1
gmake[1]: 离开目录“/home/pbdq/roarm_ws/build/roarm_moveit_ikfast_plugins/CMakeFiles/CMakeTmp”
gmake: *** [Makefile:127：cmTC_d6e2e/fast] 错误 2



