running develop
running egg_info
creating ik_solver.egg-info
writing ik_solver.egg-info/PKG-INFO
writing dependency_links to ik_solver.egg-info/dependency_links.txt
writing entry points to ik_solver.egg-info/entry_points.txt
writing requirements to ik_solver.egg-info/requires.txt
writing top-level names to ik_solver.egg-info/top_level.txt
writing manifest file 'ik_solver.egg-info/SOURCES.txt'
reading manifest file 'ik_solver.egg-info/SOURCES.txt'
writing manifest file 'ik_solver.egg-info/SOURCES.txt'
running build_ext
Creating /home/pbdq/roarm_ws/install/ik_solver/lib/python3.10/site-packages/ik-solver.egg-link (link to .)
Installing ik_solver script to /home/pbdq/roarm_ws/install/ik_solver/lib/ik_solver

Installed /home/pbdq/roarm_ws/build/ik_solver
running symlink_data
creating /home/pbdq/roarm_ws/install/ik_solver/share/ament_index
creating /home/pbdq/roarm_ws/install/ik_solver/share/ament_index/resource_index
creating /home/pbdq/roarm_ws/install/ik_solver/share/ament_index/resource_index/packages
symbolically linking /home/pbdq/roarm_ws/build/ik_solver/resource/ik_solver -> /home/pbdq/roarm_ws/install/ik_solver/share/ament_index/resource_index/packages
symbolically linking /home/pbdq/roarm_ws/build/ik_solver/package.xml -> /home/pbdq/roarm_ws/install/ik_solver/share/ik_solver
