[0.356s] Invoking command in '/home/pbdq/roarm_ws/build/ik_solver': PYTHONPATH=/home/pbdq/roarm_ws/build/ik_solver/prefix_override:/usr/lib/python3/dist-packages/colcon_core/task/python/colcon_distutils_commands:/home/pbdq/roarm_ws/install/ik_solver/lib/python3.10/site-packages:${PYTHONPATH} /usr/bin/python3 -W ignore:setup.py install is deprecated -W ignore:easy_install command is deprecated setup.py develop --editable --build-directory /home/pbdq/roarm_ws/build/ik_solver/build --no-deps symlink_data
[0.496s] running develop
[0.583s] running egg_info
[0.583s] creating ik_solver.egg-info
[0.583s] writing ik_solver.egg-info/PKG-INFO
[0.583s] writing dependency_links to ik_solver.egg-info/dependency_links.txt
[0.583s] writing entry points to ik_solver.egg-info/entry_points.txt
[0.583s] writing requirements to ik_solver.egg-info/requires.txt
[0.583s] writing top-level names to ik_solver.egg-info/top_level.txt
[0.583s] writing manifest file 'ik_solver.egg-info/SOURCES.txt'
[0.584s] reading manifest file 'ik_solver.egg-info/SOURCES.txt'
[0.584s] writing manifest file 'ik_solver.egg-info/SOURCES.txt'
[0.585s] running build_ext
[0.585s] Creating /home/pbdq/roarm_ws/install/ik_solver/lib/python3.10/site-packages/ik-solver.egg-link (link to .)
[0.585s] Installing ik_solver script to /home/pbdq/roarm_ws/install/ik_solver/lib/ik_solver
[0.586s] 
[0.586s] Installed /home/pbdq/roarm_ws/build/ik_solver
[0.586s] running symlink_data
[0.586s] creating /home/pbdq/roarm_ws/install/ik_solver/share/ament_index
[0.586s] creating /home/pbdq/roarm_ws/install/ik_solver/share/ament_index/resource_index
[0.586s] creating /home/pbdq/roarm_ws/install/ik_solver/share/ament_index/resource_index/packages
[0.586s] symbolically linking /home/pbdq/roarm_ws/build/ik_solver/resource/ik_solver -> /home/pbdq/roarm_ws/install/ik_solver/share/ament_index/resource_index/packages
[0.586s] symbolically linking /home/pbdq/roarm_ws/build/ik_solver/package.xml -> /home/pbdq/roarm_ws/install/ik_solver/share/ik_solver
[0.602s] Invoked command in '/home/pbdq/roarm_ws/build/ik_solver' returned '0': PYTHONPATH=/home/pbdq/roarm_ws/build/ik_solver/prefix_override:/usr/lib/python3/dist-packages/colcon_core/task/python/colcon_distutils_commands:/home/pbdq/roarm_ws/install/ik_solver/lib/python3.10/site-packages:${PYTHONPATH} /usr/bin/python3 -W ignore:setup.py install is deprecated -W ignore:easy_install command is deprecated setup.py develop --editable --build-directory /home/pbdq/roarm_ws/build/ik_solver/build --no-deps symlink_data
